<?xml version="1.0" ?>
<coverage version="5.3" timestamp="1602429524622" lines-valid="2964" lines-covered="1482" line-rate="0.5" branches-covered="0" branches-valid="0" branch-rate="0" complexity="0">
	<!-- Generated by coverage.py: https://coverage.readthedocs.io -->
	<!-- Based on https://raw.githubusercontent.com/cobertura/web/master/htdocs/xml/coverage-04.dtd -->
	<sources>
		<source>/Users/ffroehlich/Documents/GitHub/AMICI</source>
	</sources>
	<packages>
		<package name="python.amici" line-rate="0.5" branch-rate="0" complexity="0">
			<classes>
				<class name="__init__.py" filename="python/amici/__init__.py" complexity="0" line-rate="0.6364" branch-rate="0">
					<methods/>
					<lines>
						<line number="35" hits="1"/>
						<line number="40" hits="1"/>
						<line number="41" hits="1"/>
						<line number="42" hits="0"/>
						<line number="43" hits="1"/>
						<line number="46" hits="1"/>
						<line number="48" hits="1"/>
						<line number="49" hits="1"/>
						<line number="59" hits="1"/>
						<line number="60" hits="1"/>
						<line number="61" hits="1"/>
						<line number="62" hits="0"/>
						<line number="89" hits="1"/>
						<line number="90" hits="1"/>
						<line number="91" hits="1"/>
						<line number="93" hits="0"/>
						<line number="94" hits="0"/>
						<line number="97" hits="1"/>
						<line number="98" hits="1"/>
						<line number="99" hits="1"/>
						<line number="100" hits="1"/>
						<line number="102" hits="1"/>
						<line number="105" hits="1"/>
						<line number="106" hits="1"/>
						<line number="107" hits="1"/>
						<line number="108" hits="1"/>
						<line number="111" hits="1"/>
						<line number="112" hits="1"/>
						<line number="114" hits="1"/>
						<line number="136" hits="1"/>
						<line number="139" hits="1"/>
						<line number="150" hits="1"/>
						<line number="151" hits="1"/>
						<line number="152" hits="1"/>
						<line number="155" hits="1"/>
						<line number="178" hits="1"/>
						<line number="179" hits="1"/>
						<line number="181" hits="1"/>
						<line number="184" hits="1"/>
						<line number="192" hits="0"/>
						<line number="193" hits="0"/>
						<line number="194" hits="0"/>
						<line number="198" hits="0"/>
						<line number="199" hits="0"/>
						<line number="200" hits="0"/>
						<line number="202" hits="0"/>
						<line number="205" hits="1"/>
						<line number="224" hits="0"/>
						<line number="225" hits="0"/>
						<line number="226" hits="0"/>
						<line number="231" hits="0"/>
						<line number="234" hits="1"/>
						<line number="246" hits="0"/>
						<line number="249" hits="1"/>
						<line number="262" hits="0"/>
						<line number="265" hits="1"/>
						<line number="268" hits="1"/>
						<line number="269" hits="0"/>
						<line number="271" hits="1"/>
						<line number="272" hits="0"/>
						<line number="273" hits="0"/>
						<line number="275" hits="1"/>
						<line number="276" hits="0"/>
						<line number="277" hits="0"/>
						<line number="278" hits="0"/>
						<line number="279" hits="0"/>
					</lines>
				</class>
				<class name="custom_commands.py" filename="python/amici/custom_commands.py" complexity="0" line-rate="0.368" branch-rate="0">
					<methods/>
					<lines>
						<line number="21" hits="1"/>
						<line number="24" hits="1"/>
						<line number="27" hits="1"/>
						<line number="30" hits="1"/>
						<line number="34" hits="1"/>
						<line number="35" hits="0"/>
						<line number="36" hits="0"/>
						<line number="38" hits="1"/>
						<line number="39" hits="0"/>
						<line number="40" hits="0"/>
						<line number="41" hits="0"/>
						<line number="44" hits="1"/>
						<line number="49" hits="1"/>
						<line number="52" hits="1"/>
						<line number="55" hits="1"/>
						<line number="56" hits="1"/>
						<line number="57" hits="1"/>
						<line number="58" hits="1"/>
						<line number="59" hits="1"/>
						<line number="61" hits="1"/>
						<line number="62" hits="1"/>
						<line number="63" hits="1"/>
						<line number="64" hits="0"/>
						<line number="65" hits="0"/>
						<line number="66" hits="1"/>
						<line number="68" hits="1"/>
						<line number="71" hits="1"/>
						<line number="74" hits="0"/>
						<line number="75" hits="0"/>
						<line number="77" hits="1"/>
						<line number="80" hits="1"/>
						<line number="83" hits="1"/>
						<line number="84" hits="0"/>
						<line number="89" hits="0"/>
						<line number="91" hits="0"/>
						<line number="93" hits="1"/>
						<line number="94" hits="0"/>
						<line number="96" hits="0"/>
						<line number="98" hits="0"/>
						<line number="101" hits="0"/>
						<line number="102" hits="0"/>
						<line number="106" hits="0"/>
						<line number="109" hits="0"/>
						<line number="119" hits="0"/>
						<line number="121" hits="0"/>
						<line number="124" hits="1"/>
						<line number="128" hits="1"/>
						<line number="132" hits="1"/>
						<line number="133" hits="0"/>
						<line number="134" hits="0"/>
						<line number="136" hits="1"/>
						<line number="137" hits="0"/>
						<line number="138" hits="0"/>
						<line number="139" hits="0"/>
						<line number="141" hits="1"/>
						<line number="142" hits="0"/>
						<line number="144" hits="0"/>
						<line number="145" hits="0"/>
						<line number="148" hits="0"/>
						<line number="150" hits="0"/>
						<line number="153" hits="1"/>
						<line number="156" hits="1"/>
						<line number="162" hits="0"/>
						<line number="164" hits="0"/>
						<line number="167" hits="0"/>
						<line number="168" hits="0"/>
						<line number="169" hits="0"/>
						<line number="170" hits="0"/>
						<line number="175" hits="0"/>
						<line number="178" hits="1"/>
						<line number="181" hits="1"/>
						<line number="183" hits="0"/>
						<line number="186" hits="0"/>
						<line number="188" hits="1"/>
						<line number="193" hits="0"/>
						<line number="195" hits="0"/>
						<line number="197" hits="0"/>
						<line number="200" hits="0"/>
						<line number="202" hits="0"/>
						<line number="204" hits="0"/>
						<line number="206" hits="0"/>
						<line number="207" hits="0"/>
						<line number="211" hits="0"/>
						<line number="212" hits="0"/>
						<line number="214" hits="0"/>
						<line number="215" hits="0"/>
						<line number="216" hits="0"/>
						<line number="219" hits="0"/>
						<line number="220" hits="0"/>
						<line number="222" hits="0"/>
						<line number="224" hits="0"/>
						<line number="225" hits="0"/>
						<line number="226" hits="0"/>
						<line number="227" hits="0"/>
						<line number="229" hits="0"/>
						<line number="235" hits="0"/>
						<line number="238" hits="0"/>
						<line number="241" hits="1"/>
						<line number="244" hits="1"/>
						<line number="247" hits="0"/>
						<line number="249" hits="0"/>
						<line number="251" hits="0"/>
						<line number="254" hits="1"/>
						<line number="263" hits="0"/>
						<line number="264" hits="0"/>
						<line number="265" hits="0"/>
						<line number="267" hits="0"/>
						<line number="268" hits="0"/>
						<line number="269" hits="0"/>
						<line number="272" hits="1"/>
						<line number="297" hits="0"/>
						<line number="298" hits="0"/>
						<line number="299" hits="0"/>
						<line number="300" hits="0"/>
						<line number="301" hits="0"/>
						<line number="303" hits="0"/>
						<line number="305" hits="0"/>
						<line number="308" hits="1"/>
						<line number="320" hits="1"/>
						<line number="321" hits="1"/>
						<line number="322" hits="1"/>
						<line number="324" hits="1"/>
						<line number="325" hits="1"/>
						<line number="326" hits="1"/>
						<line number="328" hits="1"/>
					</lines>
				</class>
				<class name="gradient_check.py" filename="python/amici/gradient_check.py" complexity="0" line-rate="0" branch-rate="0">
					<methods/>
					<lines>
						<line number="17" hits="0"/>
						<line number="18" hits="0"/>
						<line number="21" hits="0"/>
						<line number="67" hits="0"/>
						<line number="68" hits="0"/>
						<line number="69" hits="0"/>
						<line number="72" hits="0"/>
						<line number="73" hits="0"/>
						<line number="75" hits="0"/>
						<line number="76" hits="0"/>
						<line number="79" hits="0"/>
						<line number="80" hits="0"/>
						<line number="81" hits="0"/>
						<line number="82" hits="0"/>
						<line number="85" hits="0"/>
						<line number="87" hits="0"/>
						<line number="88" hits="0"/>
						<line number="89" hits="0"/>
						<line number="90" hits="0"/>
						<line number="91" hits="0"/>
						<line number="92" hits="0"/>
						<line number="94" hits="0"/>
						<line number="95" hits="0"/>
						<line number="98" hits="0"/>
						<line number="99" hits="0"/>
						<line number="100" hits="0"/>
						<line number="103" hits="0"/>
						<line number="104" hits="0"/>
						<line number="105" hits="0"/>
						<line number="107" hits="0"/>
						<line number="108" hits="0"/>
						<line number="109" hits="0"/>
						<line number="110" hits="0"/>
						<line number="111" hits="0"/>
						<line number="112" hits="0"/>
						<line number="113" hits="0"/>
						<line number="114" hits="0"/>
						<line number="115" hits="0"/>
						<line number="117" hits="0"/>
						<line number="118" hits="0"/>
						<line number="120" hits="0"/>
						<line number="122" hits="0"/>
						<line number="123" hits="0"/>
						<line number="124" hits="0"/>
						<line number="127" hits="0"/>
						<line number="168" hits="0"/>
						<line number="170" hits="0"/>
						<line number="172" hits="0"/>
						<line number="173" hits="0"/>
						<line number="174" hits="0"/>
						<line number="175" hits="0"/>
						<line number="177" hits="0"/>
						<line number="179" hits="0"/>
						<line number="180" hits="0"/>
						<line number="181" hits="0"/>
						<line number="183" hits="0"/>
						<line number="185" hits="0"/>
						<line number="187" hits="0"/>
						<line number="191" hits="0"/>
						<line number="194" hits="0"/>
						<line number="196" hits="0"/>
						<line number="197" hits="0"/>
						<line number="199" hits="0"/>
						<line number="203" hits="0"/>
						<line number="207" hits="0"/>
						<line number="208" hits="0"/>
						<line number="209" hits="0"/>
						<line number="210" hits="0"/>
						<line number="215" hits="0"/>
						<line number="249" hits="0"/>
						<line number="251" hits="0"/>
						<line number="252" hits="0"/>
						<line number="253" hits="0"/>
						<line number="254" hits="0"/>
						<line number="256" hits="0"/>
						<line number="257" hits="0"/>
						<line number="258" hits="0"/>
						<line number="260" hits="0"/>
						<line number="261" hits="0"/>
						<line number="262" hits="0"/>
						<line number="264" hits="0"/>
						<line number="267" hits="0"/>
						<line number="298" hits="0"/>
						<line number="299" hits="0"/>
						<line number="300" hits="0"/>
						<line number="302" hits="0"/>
					</lines>
				</class>
				<class name="logging.py" filename="python/amici/logging.py" complexity="0" line-rate="0.8197" branch-rate="0">
					<methods/>
					<lines>
						<line number="18" hits="1"/>
						<line number="19" hits="1"/>
						<line number="21" hits="1"/>
						<line number="31" hits="1"/>
						<line number="58" hits="1"/>
						<line number="61" hits="1"/>
						<line number="62" hits="0"/>
						<line number="63" hits="0"/>
						<line number="64" hits="0"/>
						<line number="66" hits="0"/>
						<line number="67" hits="0"/>
						<line number="68" hits="0"/>
						<line number="76" hits="1"/>
						<line number="79" hits="1"/>
						<line number="81" hits="1"/>
						<line number="85" hits="1"/>
						<line number="86" hits="1"/>
						<line number="87" hits="1"/>
						<line number="88" hits="1"/>
						<line number="90" hits="1"/>
						<line number="91" hits="0"/>
						<line number="92" hits="0"/>
						<line number="93" hits="0"/>
						<line number="95" hits="1"/>
						<line number="97" hits="1"/>
						<line number="98" hits="1"/>
						<line number="99" hits="1"/>
						<line number="101" hits="1"/>
						<line number="103" hits="1"/>
						<line number="106" hits="1"/>
						<line number="107" hits="1"/>
						<line number="108" hits="1"/>
						<line number="109" hits="0"/>
						<line number="110" hits="1"/>
						<line number="113" hits="1"/>
						<line number="114" hits="1"/>
						<line number="116" hits="1"/>
						<line number="119" hits="1"/>
						<line number="154" hits="1"/>
						<line number="155" hits="1"/>
						<line number="156" hits="1"/>
						<line number="157" hits="0"/>
						<line number="160" hits="1"/>
						<line number="162" hits="1"/>
						<line number="164" hits="1"/>
						<line number="167" hits="1"/>
						<line number="178" hits="1"/>
						<line number="179" hits="1"/>
						<line number="180" hits="1"/>
						<line number="183" hits="1"/>
						<line number="189" hits="1"/>
						<line number="190" hits="1"/>
						<line number="191" hits="1"/>
						<line number="193" hits="1"/>
						<line number="194" hits="1"/>
						<line number="195" hits="1"/>
						<line number="196" hits="1"/>
						<line number="198" hits="1"/>
						<line number="200" hits="1"/>
						<line number="201" hits="1"/>
						<line number="202" hits="1"/>
					</lines>
				</class>
				<class name="numpy.py" filename="python/amici/numpy.py" complexity="0" line-rate="0.6119" branch-rate="0">
					<methods/>
					<lines>
						<line number="15" hits="1"/>
						<line number="29" hits="1"/>
						<line number="30" hits="1"/>
						<line number="31" hits="1"/>
						<line number="33" hits="1"/>
						<line number="42" hits="1"/>
						<line number="45" hits="1"/>
						<line number="46" hits="0"/>
						<line number="48" hits="1"/>
						<line number="49" hits="1"/>
						<line number="51" hits="1"/>
						<line number="52" hits="0"/>
						<line number="54" hits="1"/>
						<line number="57" hits="1"/>
						<line number="58" hits="1"/>
						<line number="60" hits="1"/>
						<line number="68" hits="1"/>
						<line number="76" hits="0"/>
						<line number="78" hits="1"/>
						<line number="84" hits="1"/>
						<line number="85" hits="1"/>
						<line number="86" hits="1"/>
						<line number="88" hits="1"/>
						<line number="94" hits="0"/>
						<line number="96" hits="1"/>
						<line number="102" hits="0"/>
						<line number="104" hits="1"/>
						<line number="110" hits="0"/>
						<line number="111" hits="0"/>
						<line number="112" hits="0"/>
						<line number="113" hits="0"/>
						<line number="114" hits="0"/>
						<line number="116" hits="1"/>
						<line number="124" hits="0"/>
						<line number="126" hits="1"/>
						<line number="134" hits="0"/>
						<line number="135" hits="0"/>
						<line number="136" hits="0"/>
						<line number="137" hits="0"/>
						<line number="138" hits="0"/>
						<line number="141" hits="1"/>
						<line number="147" hits="1"/>
						<line number="162" hits="1"/>
						<line number="168" hits="1"/>
						<line number="171" hits="1"/>
						<line number="222" hits="1"/>
						<line number="224" hits="1"/>
						<line number="233" hits="1"/>
						<line number="234" hits="0"/>
						<line number="235" hits="1"/>
						<line number="238" hits="1"/>
						<line number="244" hits="1"/>
						<line number="251" hits="1"/>
						<line number="257" hits="0"/>
						<line number="260" hits="0"/>
						<line number="275" hits="0"/>
						<line number="276" hits="0"/>
						<line number="277" hits="0"/>
						<line number="278" hits="0"/>
						<line number="279" hits="0"/>
						<line number="282" hits="1"/>
						<line number="298" hits="1"/>
						<line number="299" hits="1"/>
						<line number="300" hits="1"/>
						<line number="301" hits="0"/>
						<line number="303" hits="1"/>
						<line number="305" hits="0"/>
					</lines>
				</class>
				<class name="ode_export.py" filename="python/amici/ode_export.py" complexity="0" line-rate="0.8772" branch-rate="0">
					<methods/>
					<lines>
						<line number="23" hits="1"/>
						<line number="25" hits="0"/>
						<line number="26" hits="0"/>
						<line number="45" hits="1"/>
						<line number="47" hits="1"/>
						<line number="50" hits="1"/>
						<line number="68" hits="1"/>
						<line number="208" hits="1"/>
						<line number="213" hits="1"/>
						<line number="218" hits="1"/>
						<line number="224" hits="1"/>
						<line number="229" hits="1"/>
						<line number="234" hits="1"/>
						<line number="247" hits="1"/>
						<line number="250" hits="1"/>
						<line number="264" hits="1"/>
						<line number="271" hits="1"/>
						<line number="275" hits="1"/>
						<line number="292" hits="1"/>
						<line number="295" hits="1"/>
						<line number="297" hits="1"/>
						<line number="299" hits="1"/>
						<line number="301" hits="1"/>
						<line number="303" hits="1"/>
						<line number="304" hits="1"/>
						<line number="307" hits="1"/>
						<line number="309" hits="1"/>
						<line number="316" hits="0"/>
						<line number="318" hits="1"/>
						<line number="325" hits="1"/>
						<line number="327" hits="1"/>
						<line number="334" hits="1"/>
						<line number="336" hits="1"/>
						<line number="343" hits="1"/>
						<line number="346" hits="1"/>
						<line number="360" hits="1"/>
						<line number="361" hits="1"/>
						<line number="363" hits="1"/>
						<line number="384" hits="1"/>
						<line number="385" hits="1"/>
						<line number="389" hits="1"/>
						<line number="390" hits="1"/>
						<line number="392" hits="1"/>
						<line number="403" hits="1"/>
						<line number="407" hits="1"/>
						<line number="409" hits="1"/>
						<line number="417" hits="0"/>
						<line number="420" hits="0"/>
						<line number="422" hits="1"/>
						<line number="429" hits="1"/>
						<line number="431" hits="1"/>
						<line number="438" hits="0"/>
						<line number="439" hits="0"/>
						<line number="440" hits="0"/>
						<line number="442" hits="0"/>
						<line number="445" hits="1"/>
						<line number="451" hits="1"/>
						<line number="467" hits="1"/>
						<line number="470" hits="1"/>
						<line number="478" hits="1"/>
						<line number="480" hits="1"/>
						<line number="497" hits="1"/>
						<line number="498" hits="1"/>
						<line number="500" hits="1"/>
						<line number="501" hits="1"/>
						<line number="502" hits="0"/>
						<line number="506" hits="1"/>
						<line number="509" hits="1"/>
						<line number="515" hits="1"/>
						<line number="532" hits="1"/>
						<line number="535" hits="1"/>
						<line number="542" hits="1"/>
						<line number="558" hits="1"/>
						<line number="561" hits="1"/>
						<line number="567" hits="1"/>
						<line number="584" hits="1"/>
						<line number="587" hits="1"/>
						<line number="593" hits="1"/>
						<line number="609" hits="0"/>
						<line number="612" hits="1"/>
						<line number="620" hits="1"/>
						<line number="637" hits="1"/>
						<line number="641" hits="1"/>
						<line number="652" hits="1"/>
						<line number="653" hits="1"/>
						<line number="666" hits="1"/>
						<line number="670" hits="1"/>
						<line number="671" hits="1"/>
						<line number="674" hits="1"/>
						<line number="675" hits="1"/>
						<line number="689" hits="1"/>
						<line number="691" hits="1"/>
						<line number="692" hits="1"/>
						<line number="695" hits="1"/>
						<line number="705" hits="1"/>
						<line number="706" hits="1"/>
						<line number="708" hits="1"/>
						<line number="710" hits="1"/>
						<line number="713" hits="1"/>
						<line number="816" hits="1"/>
						<line number="828" hits="1"/>
						<line number="829" hits="1"/>
						<line number="830" hits="1"/>
						<line number="831" hits="1"/>
						<line number="832" hits="1"/>
						<line number="833" hits="1"/>
						<line number="834" hits="1"/>
						<line number="835" hits="1"/>
						<line number="836" hits="1"/>
						<line number="843" hits="1"/>
						<line number="844" hits="1"/>
						<line number="845" hits="1"/>
						<line number="846" hits="1"/>
						<line number="847" hits="1"/>
						<line number="848" hits="1"/>
						<line number="849" hits="1"/>
						<line number="850" hits="1"/>
						<line number="851" hits="1"/>
						<line number="853" hits="1"/>
						<line number="861" hits="1"/>
						<line number="870" hits="1"/>
						<line number="874" hits="1"/>
						<line number="884" hits="1"/>
						<line number="885" hits="1"/>
						<line number="886" hits="1"/>
						<line number="887" hits="1"/>
						<line number="888" hits="1"/>
						<line number="1026" hits="1"/>
						<line number="1039" hits="1"/>
						<line number="1041" hits="1"/>
						<line number="1042" hits="1"/>
						<line number="1045" hits="1"/>
						<line number="1046" hits="1"/>
						<line number="1048" hits="1"/>
						<line number="1049" hits="1"/>
						<line number="1053" hits="1"/>
						<line number="1081" hits="1"/>
						<line number="1082" hits="1"/>
						<line number="1086" hits="0"/>
						<line number="1090" hits="1"/>
						<line number="1092" hits="1"/>
						<line number="1097" hits="1"/>
						<line number="1105" hits="1"/>
						<line number="1107" hits="1"/>
						<line number="1114" hits="1"/>
						<line number="1116" hits="1"/>
						<line number="1123" hits="1"/>
						<line number="1125" hits="1"/>
						<line number="1132" hits="0"/>
						<line number="1134" hits="1"/>
						<line number="1142" hits="1"/>
						<line number="1143" hits="1"/>
						<line number="1144" hits="1"/>
						<line number="1146" hits="1"/>
						<line number="1153" hits="1"/>
						<line number="1155" hits="1"/>
						<line number="1162" hits="1"/>
						<line number="1164" hits="1"/>
						<line number="1171" hits="1"/>
						<line number="1173" hits="1"/>
						<line number="1180" hits="0"/>
						<line number="1182" hits="1"/>
						<line number="1198" hits="1"/>
						<line number="1199" hits="1"/>
						<line number="1201" hits="1"/>
						<line number="1202" hits="1"/>
						<line number="1204" hits="1"/>
						<line number="1206" hits="1"/>
						<line number="1218" hits="1"/>
						<line number="1220" hits="1"/>
						<line number="1221" hits="0"/>
						<line number="1222" hits="1"/>
						<line number="1224" hits="1"/>
						<line number="1236" hits="1"/>
						<line number="1237" hits="1"/>
						<line number="1238" hits="1"/>
						<line number="1239" hits="1"/>
						<line number="1241" hits="1"/>
						<line number="1253" hits="1"/>
						<line number="1255" hits="1"/>
						<line number="1256" hits="1"/>
						<line number="1257" hits="1"/>
						<line number="1259" hits="1"/>
						<line number="1272" hits="1"/>
						<line number="1274" hits="1"/>
						<line number="1275" hits="0"/>
						<line number="1276" hits="1"/>
						<line number="1278" hits="1"/>
						<line number="1291" hits="1"/>
						<line number="1293" hits="1"/>
						<line number="1294" hits="0"/>
						<line number="1295" hits="1"/>
						<line number="1297" hits="1"/>
						<line number="1309" hits="1"/>
						<line number="1310" hits="1"/>
						<line number="1311" hits="1"/>
						<line number="1313" hits="1"/>
						<line number="1325" hits="1"/>
						<line number="1326" hits="1"/>
						<line number="1327" hits="1"/>
						<line number="1329" hits="1"/>
						<line number="1334" hits="0"/>
						<line number="1339" hits="1"/>
						<line number="1347" hits="1"/>
						<line number="1348" hits="1"/>
						<line number="1349" hits="1"/>
						<line number="1360" hits="1"/>
						<line number="1361" hits="1"/>
						<line number="1363" hits="1"/>
						<line number="1367" hits="1"/>
						<line number="1368" hits="1"/>
						<line number="1372" hits="1"/>
						<line number="1373" hits="1"/>
						<line number="1374" hits="1"/>
						<line number="1379" hits="1"/>
						<line number="1380" hits="1"/>
						<line number="1381" hits="0"/>
						<line number="1386" hits="0"/>
						<line number="1387" hits="1"/>
						<line number="1390" hits="1"/>
						<line number="1398" hits="1"/>
						<line number="1399" hits="1"/>
						<line number="1400" hits="0"/>
						<line number="1401" hits="0"/>
						<line number="1402" hits="1"/>
						<line number="1403" hits="0"/>
						<line number="1404" hits="1"/>
						<line number="1405" hits="0"/>
						<line number="1407" hits="1"/>
						<line number="1409" hits="1"/>
						<line number="1413" hits="1"/>
						<line number="1418" hits="1"/>
						<line number="1419" hits="1"/>
						<line number="1420" hits="1"/>
						<line number="1422" hits="1"/>
						<line number="1424" hits="1"/>
						<line number="1437" hits="0"/>
						<line number="1445" hits="0"/>
						<line number="1453" hits="0"/>
						<line number="1460" hits="1"/>
						<line number="1470" hits="1"/>
						<line number="1471" hits="1"/>
						<line number="1472" hits="1"/>
						<line number="1473" hits="1"/>
						<line number="1474" hits="1"/>
						<line number="1476" hits="1"/>
						<line number="1478" hits="1"/>
						<line number="1479" hits="1"/>
						<line number="1480" hits="1"/>
						<line number="1481" hits="1"/>
						<line number="1482" hits="1"/>
						<line number="1483" hits="1"/>
						<line number="1484" hits="1"/>
						<line number="1489" hits="1"/>
						<line number="1490" hits="1"/>
						<line number="1491" hits="1"/>
						<line number="1492" hits="1"/>
						<line number="1493" hits="1"/>
						<line number="1495" hits="1"/>
						<line number="1501" hits="1"/>
						<line number="1502" hits="1"/>
						<line number="1503" hits="1"/>
						<line number="1504" hits="1"/>
						<line number="1505" hits="1"/>
						<line number="1507" hits="1"/>
						<line number="1515" hits="1"/>
						<line number="1517" hits="1"/>
						<line number="1518" hits="1"/>
						<line number="1520" hits="1"/>
						<line number="1521" hits="0"/>
						<line number="1522" hits="0"/>
						<line number="1523" hits="0"/>
						<line number="1524" hits="0"/>
						<line number="1525" hits="0"/>
						<line number="1526" hits="0"/>
						<line number="1528" hits="1"/>
						<line number="1529" hits="1"/>
						<line number="1534" hits="1"/>
						<line number="1535" hits="1"/>
						<line number="1542" hits="1"/>
						<line number="1543" hits="1"/>
						<line number="1549" hits="1"/>
						<line number="1550" hits="0"/>
						<line number="1556" hits="1"/>
						<line number="1557" hits="1"/>
						<line number="1559" hits="1"/>
						<line number="1565" hits="1"/>
						<line number="1569" hits="1"/>
						<line number="1573" hits="1"/>
						<line number="1574" hits="0"/>
						<line number="1575" hits="0"/>
						<line number="1576" hits="0"/>
						<line number="1577" hits="0"/>
						<line number="1581" hits="1"/>
						<line number="1582" hits="1"/>
						<line number="1583" hits="1"/>
						<line number="1588" hits="1"/>
						<line number="1589" hits="1"/>
						<line number="1592" hits="1"/>
						<line number="1594" hits="0"/>
						<line number="1596" hits="1"/>
						<line number="1598" hits="0"/>
						<line number="1600" hits="1"/>
						<line number="1602" hits="0"/>
						<line number="1604" hits="1"/>
						<line number="1606" hits="1"/>
						<line number="1608" hits="1"/>
						<line number="1610" hits="1"/>
						<line number="1612" hits="1"/>
						<line number="1613" hits="1"/>
						<line number="1618" hits="1"/>
						<line number="1621" hits="1"/>
						<line number="1622" hits="1"/>
						<line number="1624" hits="1"/>
						<line number="1625" hits="1"/>
						<line number="1626" hits="1"/>
						<line number="1628" hits="1"/>
						<line number="1637" hits="1"/>
						<line number="1639" hits="1"/>
						<line number="1653" hits="1"/>
						<line number="1654" hits="1"/>
						<line number="1657" hits="1"/>
						<line number="1658" hits="1"/>
						<line number="1664" hits="1"/>
						<line number="1665" hits="1"/>
						<line number="1673" hits="1"/>
						<line number="1675" hits="1"/>
						<line number="1676" hits="1"/>
						<line number="1677" hits="1"/>
						<line number="1678" hits="1"/>
						<line number="1679" hits="1"/>
						<line number="1680" hits="1"/>
						<line number="1683" hits="1"/>
						<line number="1686" hits="1"/>
						<line number="1687" hits="1"/>
						<line number="1689" hits="1"/>
						<line number="1691" hits="1"/>
						<line number="1692" hits="1"/>
						<line number="1701" hits="1"/>
						<line number="1703" hits="1"/>
						<line number="1705" hits="1"/>
						<line number="1709" hits="1"/>
						<line number="1710" hits="1"/>
						<line number="1713" hits="1"/>
						<line number="1714" hits="1"/>
						<line number="1715" hits="1"/>
						<line number="1716" hits="1"/>
						<line number="1718" hits="1"/>
						<line number="1719" hits="1"/>
						<line number="1721" hits="1"/>
						<line number="1722" hits="1"/>
						<line number="1723" hits="0"/>
						<line number="1725" hits="0"/>
						<line number="1727" hits="1"/>
						<line number="1763" hits="1"/>
						<line number="1764" hits="1"/>
						<line number="1767" hits="1"/>
						<line number="1769" hits="1"/>
						<line number="1770" hits="1"/>
						<line number="1771" hits="1"/>
						<line number="1772" hits="1"/>
						<line number="1773" hits="1"/>
						<line number="1775" hits="1"/>
						<line number="1776" hits="1"/>
						<line number="1779" hits="1"/>
						<line number="1781" hits="1"/>
						<line number="1783" hits="0"/>
						<line number="1784" hits="0"/>
						<line number="1786" hits="1"/>
						<line number="1788" hits="1"/>
						<line number="1809" hits="1"/>
						<line number="1811" hits="1"/>
						<line number="1813" hits="1"/>
						<line number="1815" hits="1"/>
						<line number="1839" hits="0"/>
						<line number="1842" hits="0"/>
						<line number="1843" hits="0"/>
						<line number="1844" hits="0"/>
						<line number="1845" hits="0"/>
						<line number="1847" hits="0"/>
						<line number="1849" hits="0"/>
						<line number="1850" hits="0"/>
						<line number="1852" hits="0"/>
						<line number="1854" hits="0"/>
						<line number="1856" hits="0"/>
						<line number="1858" hits="1"/>
						<line number="1869" hits="1"/>
						<line number="1873" hits="1"/>
						<line number="1881" hits="0"/>
						<line number="1887" hits="1"/>
						<line number="1896" hits="1"/>
						<line number="1897" hits="1"/>
						<line number="1901" hits="1"/>
						<line number="1904" hits="1"/>
						<line number="1913" hits="1"/>
						<line number="1914" hits="1"/>
						<line number="1915" hits="0"/>
						<line number="1916" hits="0"/>
						<line number="1920" hits="1"/>
						<line number="1923" hits="1"/>
						<line number="1936" hits="0"/>
						<line number="1937" hits="0"/>
						<line number="1938" hits="0"/>
						<line number="1939" hits="0"/>
						<line number="1944" hits="1"/>
						<line number="1956" hits="0"/>
						<line number="1958" hits="1"/>
						<line number="1969" hits="1"/>
						<line number="1971" hits="1"/>
						<line number="1984" hits="1"/>
						<line number="1985" hits="1"/>
						<line number="1986" hits="1"/>
						<line number="1989" hits="1"/>
						<line number="2000" hits="1"/>
						<line number="2002" hits="1"/>
						<line number="2003" hits="1"/>
						<line number="2004" hits="1"/>
						<line number="2005" hits="1"/>
						<line number="2006" hits="0"/>
						<line number="2013" hits="1"/>
						<line number="2034" hits="1"/>
						<line number="2040" hits="1"/>
						<line number="2065" hits="1"/>
						<line number="2071" hits="1"/>
						<line number="2114" hits="1"/>
						<line number="2147" hits="1"/>
						<line number="2149" hits="1"/>
						<line number="2150" hits="1"/>
						<line number="2151" hits="1"/>
						<line number="2152" hits="1"/>
						<line number="2154" hits="1"/>
						<line number="2155" hits="1"/>
						<line number="2157" hits="1"/>
						<line number="2158" hits="1"/>
						<line number="2163" hits="1"/>
						<line number="2166" hits="1"/>
						<line number="2169" hits="1"/>
						<line number="2170" hits="1"/>
						<line number="2172" hits="1"/>
						<line number="2173" hits="1"/>
						<line number="2180" hits="1"/>
						<line number="2181" hits="1"/>
						<line number="2182" hits="1"/>
						<line number="2184" hits="1"/>
						<line number="2185" hits="1"/>
						<line number="2191" hits="1"/>
						<line number="2194" hits="1"/>
						<line number="2198" hits="1"/>
						<line number="2199" hits="1"/>
						<line number="2200" hits="1"/>
						<line number="2201" hits="1"/>
						<line number="2203" hits="1"/>
						<line number="2207" hits="1"/>
						<line number="2208" hits="1"/>
						<line number="2210" hits="1"/>
						<line number="2211" hits="1"/>
						<line number="2212" hits="1"/>
						<line number="2213" hits="1"/>
						<line number="2214" hits="1"/>
						<line number="2216" hits="1"/>
						<line number="2217" hits="1"/>
						<line number="2219" hits="1"/>
						<line number="2220" hits="1"/>
						<line number="2221" hits="1"/>
						<line number="2222" hits="1"/>
						<line number="2223" hits="1"/>
						<line number="2224" hits="1"/>
						<line number="2226" hits="1"/>
						<line number="2229" hits="1"/>
						<line number="2245" hits="1"/>
						<line number="2246" hits="1"/>
						<line number="2248" hits="1"/>
						<line number="2249" hits="0"/>
						<line number="2251" hits="1"/>
						<line number="2253" hits="1"/>
						<line number="2255" hits="1"/>
						<line number="2256" hits="0"/>
						<line number="2260" hits="1"/>
						<line number="2261" hits="1"/>
						<line number="2266" hits="1"/>
						<line number="2267" hits="1"/>
						<line number="2268" hits="1"/>
						<line number="2269" hits="1"/>
						<line number="2270" hits="0"/>
						<line number="2271" hits="0"/>
						<line number="2274" hits="1"/>
						<line number="2275" hits="0"/>
						<line number="2277" hits="1"/>
						<line number="2282" hits="1"/>
						<line number="2286" hits="1"/>
						<line number="2291" hits="1"/>
						<line number="2292" hits="1"/>
						<line number="2293" hits="1"/>
						<line number="2298" hits="1"/>
						<line number="2300" hits="1"/>
						<line number="2302" hits="1"/>
						<line number="2305" hits="1"/>
						<line number="2306" hits="1"/>
						<line number="2308" hits="1"/>
						<line number="2315" hits="1"/>
						<line number="2316" hits="1"/>
						<line number="2317" hits="1"/>
						<line number="2319" hits="1"/>
						<line number="2328" hits="1"/>
						<line number="2329" hits="1"/>
						<line number="2330" hits="1"/>
						<line number="2331" hits="1"/>
						<line number="2333" hits="1"/>
						<line number="2335" hits="1"/>
						<line number="2336" hits="1"/>
						<line number="2340" hits="1"/>
						<line number="2341" hits="1"/>
						<line number="2342" hits="1"/>
						<line number="2343" hits="1"/>
						<line number="2344" hits="1"/>
						<line number="2348" hits="1"/>
						<line number="2349" hits="1"/>
						<line number="2351" hits="1"/>
						<line number="2362" hits="1"/>
						<line number="2363" hits="1"/>
						<line number="2364" hits="1"/>
						<line number="2367" hits="0"/>
						<line number="2369" hits="1"/>
						<line number="2372" hits="1"/>
						<line number="2379" hits="1"/>
						<line number="2381" hits="1"/>
						<line number="2383" hits="1"/>
						<line number="2386" hits="1"/>
						<line number="2389" hits="1"/>
						<line number="2391" hits="1"/>
						<line number="2398" hits="1"/>
						<line number="2401" hits="1"/>
						<line number="2402" hits="1"/>
						<line number="2404" hits="0"/>
						<line number="2408" hits="0"/>
						<line number="2410" hits="1"/>
						<line number="2411" hits="1"/>
						<line number="2412" hits="1"/>
						<line number="2420" hits="1"/>
						<line number="2421" hits="1"/>
						<line number="2422" hits="0"/>
						<line number="2423" hits="0"/>
						<line number="2424" hits="0"/>
						<line number="2427" hits="1"/>
						<line number="2430" hits="1"/>
						<line number="2432" hits="1"/>
						<line number="2445" hits="1"/>
						<line number="2446" hits="1"/>
						<line number="2447" hits="1"/>
						<line number="2448" hits="1"/>
						<line number="2449" hits="1"/>
						<line number="2450" hits="1"/>
						<line number="2456" hits="1"/>
						<line number="2457" hits="1"/>
						<line number="2459" hits="1"/>
						<line number="2461" hits="1"/>
						<line number="2474" hits="1"/>
						<line number="2475" hits="1"/>
						<line number="2476" hits="1"/>
						<line number="2478" hits="1"/>
						<line number="2481" hits="1"/>
						<line number="2484" hits="1"/>
						<line number="2487" hits="1"/>
						<line number="2489" hits="1"/>
						<line number="2490" hits="1"/>
						<line number="2492" hits="1"/>
						<line number="2497" hits="1"/>
						<line number="2498" hits="1"/>
						<line number="2499" hits="1"/>
						<line number="2501" hits="1"/>
						<line number="2503" hits="1"/>
						<line number="2510" hits="1"/>
						<line number="2511" hits="1"/>
						<line number="2513" hits="1"/>
						<line number="2514" hits="1"/>
						<line number="2516" hits="1"/>
						<line number="2533" hits="1"/>
						<line number="2535" hits="1"/>
						<line number="2539" hits="1"/>
						<line number="2541" hits="1"/>
						<line number="2543" hits="0"/>
						<line number="2545" hits="1"/>
						<line number="2548" hits="0"/>
						<line number="2549" hits="0"/>
						<line number="2550" hits="0"/>
						<line number="2551" hits="0"/>
						<line number="2555" hits="0"/>
						<line number="2557" hits="0"/>
						<line number="2558" hits="0"/>
						<line number="2560" hits="1"/>
						<line number="2561" hits="0"/>
						<line number="2565" hits="0"/>
						<line number="2568" hits="1"/>
						<line number="2569" hits="1"/>
						<line number="2573" hits="1"/>
						<line number="2575" hits="1"/>
						<line number="2576" hits="1"/>
						<line number="2577" hits="1"/>
						<line number="2582" hits="1"/>
						<line number="2586" hits="1"/>
						<line number="2588" hits="1"/>
						<line number="2590" hits="1"/>
						<line number="2591" hits="1"/>
						<line number="2593" hits="1"/>
						<line number="2594" hits="1"/>
						<line number="2597" hits="1"/>
						<line number="2599" hits="1"/>
						<line number="2601" hits="1"/>
						<line number="2605" hits="1"/>
						<line number="2606" hits="1"/>
						<line number="2612" hits="1"/>
						<line number="2616" hits="1"/>
						<line number="2617" hits="1"/>
						<line number="2623" hits="1"/>
						<line number="2628" hits="1"/>
						<line number="2684" hits="1"/>
						<line number="2689" hits="1"/>
						<line number="2691" hits="1"/>
						<line number="2693" hits="1"/>
						<line number="2694" hits="1"/>
						<line number="2697" hits="1"/>
						<line number="2700" hits="1"/>
						<line number="2703" hits="1"/>
						<line number="2707" hits="1"/>
						<line number="2708" hits="1"/>
						<line number="2709" hits="1"/>
						<line number="2711" hits="1"/>
						<line number="2717" hits="1"/>
						<line number="2723" hits="1"/>
						<line number="2734" hits="1"/>
						<line number="2741" hits="1"/>
						<line number="2752" hits="1"/>
						<line number="2759" hits="1"/>
						<line number="2764" hits="1"/>
						<line number="2769" hits="1"/>
						<line number="2770" hits="1"/>
						<line number="2772" hits="1"/>
						<line number="2775" hits="1"/>
						<line number="2777" hits="1"/>
						<line number="2780" hits="1"/>
						<line number="2786" hits="1"/>
						<line number="2790" hits="1"/>
						<line number="2791" hits="0"/>
						<line number="2792" hits="1"/>
						<line number="2793" hits="1"/>
						<line number="2798" hits="1"/>
						<line number="2801" hits="1"/>
						<line number="2806" hits="1"/>
						<line number="2809" hits="1"/>
						<line number="2812" hits="1"/>
						<line number="2815" hits="1"/>
						<line number="2816" hits="1"/>
						<line number="2818" hits="1"/>
						<line number="2824" hits="1"/>
						<line number="2833" hits="1"/>
						<line number="2834" hits="1"/>
						<line number="2836" hits="1"/>
						<line number="2837" hits="1"/>
						<line number="2838" hits="1"/>
						<line number="2840" hits="1"/>
						<line number="2849" hits="1"/>
						<line number="2855" hits="1"/>
						<line number="2858" hits="1"/>
						<line number="2866" hits="1"/>
						<line number="2869" hits="1"/>
						<line number="2887" hits="1"/>
						<line number="2888" hits="1"/>
						<line number="2889" hits="1"/>
						<line number="2890" hits="1"/>
						<line number="2891" hits="1"/>
						<line number="2894" hits="1"/>
						<line number="2908" hits="1"/>
						<line number="2909" hits="0"/>
						<line number="2912" hits="1"/>
						<line number="2915" hits="1"/>
						<line number="2928" hits="1"/>
						<line number="2932" hits="1"/>
						<line number="2951" hits="1"/>
						<line number="2952" hits="1"/>
						<line number="2957" hits="1"/>
						<line number="2971" hits="1"/>
						<line number="2984" hits="1"/>
						<line number="3003" hits="1"/>
						<line number="3004" hits="1"/>
						<line number="3006" hits="1"/>
						<line number="3020" hits="1"/>
						<line number="3036" hits="1"/>
						<line number="3047" hits="1"/>
						<line number="3048" hits="1"/>
						<line number="3050" hits="1"/>
						<line number="3053" hits="1"/>
						<line number="3076" hits="1"/>
						<line number="3078" hits="1"/>
						<line number="3079" hits="1"/>
						<line number="3081" hits="1"/>
						<line number="3082" hits="1"/>
						<line number="3083" hits="1"/>
						<line number="3085" hits="1"/>
						<line number="3086" hits="1"/>
						<line number="3088" hits="1"/>
						<line number="3090" hits="1"/>
						<line number="3091" hits="1"/>
						<line number="3093" hits="1"/>
						<line number="3095" hits="1"/>
						<line number="3098" hits="1"/>
						<line number="3133" hits="1"/>
						<line number="3135" hits="1"/>
						<line number="3137" hits="1"/>
						<line number="3138" hits="1"/>
						<line number="3139" hits="1"/>
						<line number="3140" hits="1"/>
						<line number="3141" hits="1"/>
						<line number="3142" hits="1"/>
						<line number="3144" hits="1"/>
						<line number="3145" hits="1"/>
						<line number="3146" hits="1"/>
						<line number="3147" hits="1"/>
						<line number="3148" hits="1"/>
						<line number="3150" hits="1"/>
						<line number="3151" hits="1"/>
						<line number="3152" hits="1"/>
						<line number="3154" hits="1"/>
						<line number="3155" hits="1"/>
						<line number="3156" hits="1"/>
						<line number="3157" hits="1"/>
						<line number="3158" hits="0"/>
						<line number="3160" hits="1"/>
						<line number="3161" hits="1"/>
						<line number="3163" hits="1"/>
						<line number="3164" hits="1"/>
						<line number="3166" hits="1"/>
						<line number="3168" hits="1"/>
						<line number="3169" hits="0"/>
						<line number="3171" hits="1"/>
						<line number="3173" hits="1"/>
						<line number="3177" hits="1"/>
						<line number="3190" hits="1"/>
						<line number="3193" hits="1"/>
						<line number="3203" hits="1"/>
						<line number="3204" hits="0"/>
						<line number="3205" hits="1"/>
					</lines>
				</class>
				<class name="pandas.py" filename="python/amici/pandas.py" complexity="0" line-rate="0.1097" branch-rate="0">
					<methods/>
					<lines>
						<line number="17" hits="1"/>
						<line number="21" hits="1"/>
						<line number="25" hits="1"/>
						<line number="28" hits="1"/>
						<line number="39" hits="0"/>
						<line number="40" hits="0"/>
						<line number="42" hits="0"/>
						<line number="45" hits="1"/>
						<line number="56" hits="0"/>
						<line number="57" hits="0"/>
						<line number="59" hits="0"/>
						<line number="62" hits="1"/>
						<line number="85" hits="0"/>
						<line number="88" hits="0"/>
						<line number="91" hits="0"/>
						<line number="92" hits="0"/>
						<line number="93" hits="0"/>
						<line number="94" hits="0"/>
						<line number="95" hits="0"/>
						<line number="100" hits="0"/>
						<line number="102" hits="0"/>
						<line number="103" hits="0"/>
						<line number="107" hits="0"/>
						<line number="109" hits="0"/>
						<line number="111" hits="0"/>
						<line number="114" hits="1"/>
						<line number="142" hits="0"/>
						<line number="143" hits="0"/>
						<line number="146" hits="0"/>
						<line number="149" hits="0"/>
						<line number="150" hits="0"/>
						<line number="151" hits="0"/>
						<line number="152" hits="0"/>
						<line number="157" hits="0"/>
						<line number="159" hits="0"/>
						<line number="160" hits="0"/>
						<line number="163" hits="0"/>
						<line number="166" hits="0"/>
						<line number="168" hits="0"/>
						<line number="171" hits="1"/>
						<line number="197" hits="0"/>
						<line number="198" hits="0"/>
						<line number="201" hits="0"/>
						<line number="204" hits="0"/>
						<line number="205" hits="0"/>
						<line number="206" hits="0"/>
						<line number="207" hits="0"/>
						<line number="212" hits="0"/>
						<line number="214" hits="0"/>
						<line number="217" hits="0"/>
						<line number="220" hits="0"/>
						<line number="222" hits="0"/>
						<line number="225" hits="1"/>
						<line number="250" hits="0"/>
						<line number="251" hits="0"/>
						<line number="254" hits="0"/>
						<line number="256" hits="0"/>
						<line number="260" hits="0"/>
						<line number="263" hits="0"/>
						<line number="264" hits="0"/>
						<line number="265" hits="0"/>
						<line number="271" hits="0"/>
						<line number="273" hits="0"/>
						<line number="278" hits="0"/>
						<line number="280" hits="0"/>
						<line number="281" hits="0"/>
						<line number="282" hits="0"/>
						<line number="285" hits="0"/>
						<line number="287" hits="0"/>
						<line number="290" hits="1"/>
						<line number="316" hits="0"/>
						<line number="318" hits="0"/>
						<line number="320" hits="0"/>
						<line number="321" hits="0"/>
						<line number="323" hits="0"/>
						<line number="325" hits="0"/>
						<line number="326" hits="0"/>
						<line number="329" hits="0"/>
						<line number="331" hits="0"/>
						<line number="332" hits="0"/>
						<line number="335" hits="0"/>
						<line number="336" hits="0"/>
						<line number="339" hits="1"/>
						<line number="354" hits="0"/>
						<line number="366" hits="1"/>
						<line number="381" hits="0"/>
						<line number="391" hits="1"/>
						<line number="406" hits="0"/>
						<line number="416" hits="1"/>
						<line number="437" hits="0"/>
						<line number="438" hits="0"/>
						<line number="442" hits="0"/>
						<line number="443" hits="0"/>
						<line number="446" hits="0"/>
						<line number="447" hits="0"/>
						<line number="450" hits="0"/>
						<line number="452" hits="0"/>
						<line number="453" hits="0"/>
						<line number="455" hits="0"/>
						<line number="458" hits="0"/>
						<line number="459" hits="0"/>
						<line number="461" hits="0"/>
						<line number="466" hits="1"/>
						<line number="493" hits="0"/>
						<line number="494" hits="0"/>
						<line number="495" hits="0"/>
						<line number="496" hits="0"/>
						<line number="500" hits="1"/>
						<line number="532" hits="0"/>
						<line number="535" hits="0"/>
						<line number="536" hits="0"/>
						<line number="539" hits="0"/>
						<line number="540" hits="0"/>
						<line number="541" hits="0"/>
						<line number="542" hits="0"/>
						<line number="544" hits="0"/>
						<line number="545" hits="0"/>
						<line number="547" hits="0"/>
						<line number="550" hits="0"/>
						<line number="555" hits="0"/>
						<line number="557" hits="0"/>
						<line number="560" hits="0"/>
						<line number="561" hits="0"/>
						<line number="566" hits="0"/>
						<line number="568" hits="0"/>
						<line number="571" hits="0"/>
						<line number="572" hits="0"/>
						<line number="577" hits="0"/>
						<line number="578" hits="0"/>
						<line number="581" hits="0"/>
						<line number="583" hits="0"/>
						<line number="584" hits="0"/>
						<line number="585" hits="0"/>
						<line number="586" hits="0"/>
						<line number="590" hits="0"/>
						<line number="593" hits="1"/>
						<line number="620" hits="0"/>
						<line number="625" hits="0"/>
						<line number="628" hits="0"/>
						<line number="629" hits="0"/>
						<line number="630" hits="0"/>
						<line number="631" hits="0"/>
						<line number="632" hits="0"/>
						<line number="634" hits="0"/>
						<line number="635" hits="0"/>
						<line number="637" hits="0"/>
						<line number="640" hits="0"/>
						<line number="642" hits="0"/>
						<line number="643" hits="0"/>
						<line number="644" hits="0"/>
						<line number="645" hits="0"/>
						<line number="647" hits="0"/>
						<line number="648" hits="0"/>
						<line number="650" hits="0"/>
						<line number="654" hits="0"/>
					</lines>
				</class>
				<class name="parameter_mapping.py" filename="python/amici/parameter_mapping.py" complexity="0" line-rate="0" branch-rate="0">
					<methods/>
					<lines>
						<line number="27" hits="0"/>
						<line number="28" hits="0"/>
						<line number="29" hits="0"/>
						<line number="32" hits="0"/>
						<line number="61" hits="0"/>
						<line number="70" hits="0"/>
						<line number="71" hits="0"/>
						<line number="72" hits="0"/>
						<line number="74" hits="0"/>
						<line number="75" hits="0"/>
						<line number="76" hits="0"/>
						<line number="78" hits="0"/>
						<line number="79" hits="0"/>
						<line number="80" hits="0"/>
						<line number="82" hits="0"/>
						<line number="83" hits="0"/>
						<line number="84" hits="0"/>
						<line number="86" hits="0"/>
						<line number="87" hits="0"/>
						<line number="88" hits="0"/>
						<line number="90" hits="0"/>
						<line number="91" hits="0"/>
						<line number="92" hits="0"/>
						<line number="95" hits="0"/>
						<line number="104" hits="0"/>
						<line number="108" hits="0"/>
						<line number="109" hits="0"/>
						<line number="110" hits="0"/>
						<line number="111" hits="0"/>
						<line number="113" hits="0"/>
						<line number="114" hits="0"/>
						<line number="115" hits="0"/>
						<line number="117" hits="0"/>
						<line number="118" hits="0"/>
						<line number="120" hits="0"/>
						<line number="121" hits="0"/>
						<line number="123" hits="0"/>
						<line number="127" hits="0"/>
						<line number="130" hits="0"/>
						<line number="154" hits="0"/>
						<line number="155" hits="0"/>
						<line number="160" hits="0"/>
						<line number="184" hits="0"/>
						<line number="185" hits="0"/>
						<line number="186" hits="0"/>
						<line number="187" hits="0"/>
						<line number="188" hits="0"/>
						<line number="189" hits="0"/>
						<line number="194" hits="0"/>
						<line number="197" hits="0"/>
						<line number="201" hits="0"/>
						<line number="202" hits="0"/>
						<line number="204" hits="0"/>
						<line number="206" hits="0"/>
						<line number="208" hits="0"/>
						<line number="210" hits="0"/>
						<line number="212" hits="0"/>
						<line number="216" hits="0"/>
						<line number="217" hits="0"/>
						<line number="218" hits="0"/>
						<line number="219" hits="0"/>
						<line number="223" hits="0"/>
						<line number="232" hits="0"/>
						<line number="236" hits="0"/>
						<line number="239" hits="0"/>
						<line number="240" hits="0"/>
						<line number="242" hits="0"/>
						<line number="243" hits="0"/>
						<line number="247" hits="0"/>
						<line number="248" hits="0"/>
						<line number="250" hits="0"/>
						<line number="254" hits="0"/>
						<line number="255" hits="0"/>
						<line number="257" hits="0"/>
						<line number="260" hits="0"/>
						<line number="262" hits="0"/>
						<line number="263" hits="0"/>
						<line number="264" hits="0"/>
						<line number="265" hits="0"/>
						<line number="266" hits="0"/>
						<line number="267" hits="0"/>
						<line number="271" hits="0"/>
						<line number="273" hits="0"/>
						<line number="274" hits="0"/>
						<line number="275" hits="0"/>
						<line number="276" hits="0"/>
						<line number="277" hits="0"/>
						<line number="278" hits="0"/>
						<line number="282" hits="0"/>
						<line number="294" hits="0"/>
						<line number="295" hits="0"/>
						<line number="296" hits="0"/>
						<line number="297" hits="0"/>
						<line number="298" hits="0"/>
						<line number="299" hits="0"/>
						<line number="304" hits="0"/>
						<line number="316" hits="0"/>
						<line number="317" hits="0"/>
						<line number="318" hits="0"/>
						<line number="319" hits="0"/>
						<line number="320" hits="0"/>
						<line number="321" hits="0"/>
						<line number="326" hits="0"/>
						<line number="342" hits="0"/>
						<line number="345" hits="0"/>
						<line number="346" hits="0"/>
						<line number="349" hits="0"/>
						<line number="365" hits="0"/>
						<line number="368" hits="0"/>
						<line number="369" hits="0"/>
					</lines>
				</class>
				<class name="petab_import.py" filename="python/amici/petab_import.py" complexity="0" line-rate="0" branch-rate="0">
					<methods/>
					<lines>
						<line number="27" hits="0"/>
						<line number="29" hits="0"/>
						<line number="31" hits="0"/>
						<line number="34" hits="0"/>
						<line number="38" hits="0"/>
						<line number="41" hits="0"/>
						<line number="74" hits="0"/>
						<line number="75" hits="0"/>
						<line number="77" hits="0"/>
						<line number="78" hits="0"/>
						<line number="79" hits="0"/>
						<line number="80" hits="0"/>
						<line number="82" hits="0"/>
						<line number="85" hits="0"/>
						<line number="89" hits="0"/>
						<line number="93" hits="0"/>
						<line number="96" hits="0"/>
						<line number="99" hits="0"/>
						<line number="101" hits="0"/>
						<line number="103" hits="0"/>
						<line number="107" hits="0"/>
						<line number="108" hits="0"/>
						<line number="109" hits="0"/>
						<line number="113" hits="0"/>
						<line number="115" hits="0"/>
						<line number="117" hits="0"/>
						<line number="120" hits="0"/>
						<line number="122" hits="0"/>
						<line number="123" hits="0"/>
						<line number="133" hits="0"/>
						<line number="135" hits="0"/>
						<line number="140" hits="0"/>
						<line number="143" hits="0"/>
						<line number="159" hits="0"/>
						<line number="161" hits="0"/>
						<line number="162" hits="0"/>
						<line number="164" hits="0"/>
						<line number="165" hits="0"/>
						<line number="168" hits="0"/>
						<line number="170" hits="0"/>
						<line number="171" hits="0"/>
						<line number="174" hits="0"/>
						<line number="176" hits="0"/>
						<line number="179" hits="0"/>
						<line number="180" hits="0"/>
						<line number="181" hits="0"/>
						<line number="182" hits="0"/>
						<line number="183" hits="0"/>
						<line number="184" hits="0"/>
						<line number="185" hits="0"/>
						<line number="186" hits="0"/>
						<line number="189" hits="0"/>
						<line number="190" hits="0"/>
						<line number="192" hits="0"/>
						<line number="194" hits="0"/>
						<line number="195" hits="0"/>
						<line number="197" hits="0"/>
						<line number="198" hits="0"/>
						<line number="200" hits="0"/>
						<line number="202" hits="0"/>
						<line number="205" hits="0"/>
						<line number="219" hits="0"/>
						<line number="220" hits="0"/>
						<line number="221" hits="0"/>
						<line number="222" hits="0"/>
						<line number="224" hits="0"/>
						<line number="226" hits="0"/>
						<line number="262" hits="0"/>
						<line number="263" hits="0"/>
						<line number="266" hits="0"/>
						<line number="269" hits="0"/>
						<line number="271" hits="0"/>
						<line number="272" hits="0"/>
						<line number="273" hits="0"/>
						<line number="277" hits="0"/>
						<line number="278" hits="0"/>
						<line number="281" hits="0"/>
						<line number="282" hits="0"/>
						<line number="315" hits="0"/>
						<line number="317" hits="0"/>
						<line number="320" hits="0"/>
						<line number="323" hits="0"/>
						<line number="330" hits="0"/>
						<line number="333" hits="0"/>
						<line number="334" hits="0"/>
						<line number="337" hits="0"/>
						<line number="338" hits="0"/>
						<line number="339" hits="0"/>
						<line number="342" hits="0"/>
						<line number="344" hits="0"/>
						<line number="347" hits="0"/>
						<line number="352" hits="0"/>
						<line number="369" hits="0"/>
						<line number="418" hits="0"/>
						<line number="420" hits="0"/>
						<line number="423" hits="0"/>
						<line number="425" hits="0"/>
						<line number="427" hits="0"/>
						<line number="432" hits="0"/>
						<line number="433" hits="0"/>
						<line number="434" hits="0"/>
						<line number="436" hits="0"/>
						<line number="438" hits="0"/>
						<line number="439" hits="0"/>
						<line number="441" hits="0"/>
						<line number="445" hits="0"/>
						<line number="447" hits="0"/>
						<line number="448" hits="0"/>
						<line number="449" hits="0"/>
						<line number="452" hits="0"/>
						<line number="453" hits="0"/>
						<line number="455" hits="0"/>
						<line number="460" hits="0"/>
						<line number="461" hits="0"/>
						<line number="464" hits="0"/>
						<line number="465" hits="0"/>
						<line number="467" hits="0"/>
						<line number="476" hits="0"/>
						<line number="478" hits="0"/>
						<line number="479" hits="0"/>
						<line number="481" hits="0"/>
						<line number="483" hits="0"/>
						<line number="484" hits="0"/>
						<line number="485" hits="0"/>
						<line number="486" hits="0"/>
						<line number="487" hits="0"/>
						<line number="488" hits="0"/>
						<line number="489" hits="0"/>
						<line number="497" hits="0"/>
						<line number="499" hits="0"/>
						<line number="501" hits="0"/>
						<line number="502" hits="0"/>
						<line number="506" hits="0"/>
						<line number="511" hits="0"/>
						<line number="512" hits="0"/>
						<line number="513" hits="0"/>
						<line number="515" hits="0"/>
						<line number="517" hits="0"/>
						<line number="518" hits="0"/>
						<line number="519" hits="0"/>
						<line number="520" hits="0"/>
						<line number="521" hits="0"/>
						<line number="526" hits="0"/>
						<line number="527" hits="0"/>
						<line number="528" hits="0"/>
						<line number="529" hits="0"/>
						<line number="530" hits="0"/>
						<line number="531" hits="0"/>
						<line number="533" hits="0"/>
						<line number="534" hits="0"/>
						<line number="537" hits="0"/>
						<line number="540" hits="0"/>
						<line number="541" hits="0"/>
						<line number="542" hits="0"/>
						<line number="563" hits="0"/>
						<line number="579" hits="0"/>
						<line number="580" hits="0"/>
						<line number="582" hits="0"/>
						<line number="583" hits="0"/>
						<line number="585" hits="0"/>
						<line number="586" hits="0"/>
						<line number="587" hits="0"/>
						<line number="588" hits="0"/>
						<line number="589" hits="0"/>
						<line number="590" hits="0"/>
						<line number="591" hits="0"/>
						<line number="594" hits="0"/>
						<line number="595" hits="0"/>
						<line number="597" hits="0"/>
						<line number="599" hits="0"/>
						<line number="601" hits="0"/>
						<line number="604" hits="0"/>
						<line number="615" hits="0"/>
						<line number="616" hits="0"/>
						<line number="617" hits="0"/>
						<line number="619" hits="0"/>
						<line number="622" hits="0"/>
						<line number="624" hits="0"/>
						<line number="627" hits="0"/>
						<line number="629" hits="0"/>
						<line number="630" hits="0"/>
						<line number="632" hits="0"/>
						<line number="635" hits="0"/>
						<line number="638" hits="0"/>
						<line number="639" hits="0"/>
						<line number="640" hits="0"/>
						<line number="641" hits="0"/>
						<line number="642" hits="0"/>
						<line number="643" hits="0"/>
						<line number="648" hits="0"/>
						<line number="651" hits="0"/>
						<line number="652" hits="0"/>
						<line number="654" hits="0"/>
						<line number="657" hits="0"/>
						<line number="665" hits="0"/>
						<line number="669" hits="0"/>
						<line number="671" hits="0"/>
						<line number="673" hits="0"/>
						<line number="678" hits="0"/>
						<line number="680" hits="0"/>
						<line number="682" hits="0"/>
						<line number="684" hits="0"/>
						<line number="686" hits="0"/>
						<line number="689" hits="0"/>
						<line number="692" hits="0"/>
						<line number="696" hits="0"/>
						<line number="698" hits="0"/>
						<line number="701" hits="0"/>
						<line number="704" hits="0"/>
						<line number="707" hits="0"/>
						<line number="712" hits="0"/>
						<line number="714" hits="0"/>
						<line number="715" hits="0"/>
						<line number="717" hits="0"/>
						<line number="725" hits="0"/>
						<line number="737" hits="0"/>
						<line number="738" hits="0"/>
					</lines>
				</class>
				<class name="petab_import_pysb.py" filename="python/amici/petab_import_pysb.py" complexity="0" line-rate="0" branch-rate="0">
					<methods/>
					<lines>
						<line number="24" hits="0"/>
						<line number="27" hits="0"/>
						<line number="41" hits="0"/>
						<line number="50" hits="0"/>
						<line number="52" hits="0"/>
						<line number="53" hits="0"/>
						<line number="55" hits="0"/>
						<line number="56" hits="0"/>
						<line number="63" hits="0"/>
						<line number="68" hits="0"/>
						<line number="71" hits="0"/>
						<line number="73" hits="0"/>
						<line number="74" hits="0"/>
						<line number="75" hits="0"/>
						<line number="76" hits="0"/>
						<line number="77" hits="0"/>
						<line number="78" hits="0"/>
						<line number="81" hits="0"/>
						<line number="86" hits="0"/>
						<line number="87" hits="0"/>
						<line number="89" hits="0"/>
						<line number="93" hits="0"/>
						<line number="94" hits="0"/>
						<line number="95" hits="0"/>
						<line number="97" hits="0"/>
						<line number="99" hits="0"/>
						<line number="100" hits="0"/>
						<line number="102" hits="0"/>
						<line number="103" hits="0"/>
						<line number="107" hits="0"/>
						<line number="108" hits="0"/>
						<line number="109" hits="0"/>
						<line number="111" hits="0"/>
						<line number="112" hits="0"/>
						<line number="131" hits="0"/>
						<line number="132" hits="0"/>
						<line number="134" hits="0"/>
						<line number="135" hits="0"/>
						<line number="137" hits="0"/>
						<line number="139" hits="0"/>
						<line number="142" hits="0"/>
						<line number="143" hits="0"/>
						<line number="145" hits="0"/>
						<line number="147" hits="0"/>
						<line number="150" hits="0"/>
						<line number="152" hits="0"/>
						<line number="155" hits="0"/>
						<line number="164" hits="0"/>
						<line number="165" hits="0"/>
						<line number="177" hits="0"/>
						<line number="178" hits="0"/>
						<line number="179" hits="0"/>
						<line number="181" hits="0"/>
						<line number="183" hits="0"/>
						<line number="189" hits="0"/>
						<line number="194" hits="0"/>
						<line number="196" hits="0"/>
						<line number="198" hits="0"/>
						<line number="199" hits="0"/>
						<line number="204" hits="0"/>
						<line number="207" hits="0"/>
						<line number="224" hits="0"/>
						<line number="240" hits="0"/>
						<line number="241" hits="0"/>
						<line number="242" hits="0"/>
						<line number="243" hits="0"/>
						<line number="244" hits="0"/>
						<line number="246" hits="0"/>
						<line number="247" hits="0"/>
						<line number="248" hits="0"/>
						<line number="249" hits="0"/>
						<line number="250" hits="0"/>
						<line number="252" hits="0"/>
						<line number="253" hits="0"/>
						<line number="254" hits="0"/>
						<line number="255" hits="0"/>
						<line number="256" hits="0"/>
						<line number="258" hits="0"/>
						<line number="261" hits="0"/>
						<line number="286" hits="0"/>
						<line number="288" hits="0"/>
						<line number="290" hits="0"/>
						<line number="291" hits="0"/>
						<line number="297" hits="0"/>
						<line number="298" hits="0"/>
						<line number="299" hits="0"/>
						<line number="300" hits="0"/>
						<line number="302" hits="0"/>
						<line number="312" hits="0"/>
						<line number="313" hits="0"/>
						<line number="314" hits="0"/>
						<line number="316" hits="0"/>
						<line number="319" hits="0"/>
						<line number="322" hits="0"/>
					</lines>
				</class>
				<class name="petab_objective.py" filename="python/amici/petab_objective.py" complexity="0" line-rate="0" branch-rate="0">
					<methods/>
					<lines>
						<line number="27" hits="0"/>
						<line number="31" hits="0"/>
						<line number="32" hits="0"/>
						<line number="33" hits="0"/>
						<line number="34" hits="0"/>
						<line number="35" hits="0"/>
						<line number="36" hits="0"/>
						<line number="37" hits="0"/>
						<line number="40" hits="0"/>
						<line number="41" hits="0"/>
						<line number="92" hits="0"/>
						<line number="94" hits="0"/>
						<line number="95" hits="0"/>
						<line number="98" hits="0"/>
						<line number="100" hits="0"/>
						<line number="102" hits="0"/>
						<line number="107" hits="0"/>
						<line number="109" hits="0"/>
						<line number="113" hits="0"/>
						<line number="114" hits="0"/>
						<line number="121" hits="0"/>
						<line number="123" hits="0"/>
						<line number="129" hits="0"/>
						<line number="137" hits="0"/>
						<line number="140" hits="0"/>
						<line number="142" hits="0"/>
						<line number="146" hits="0"/>
						<line number="147" hits="0"/>
						<line number="148" hits="0"/>
						<line number="151" hits="0"/>
						<line number="158" hits="0"/>
						<line number="194" hits="0"/>
						<line number="195" hits="0"/>
						<line number="199" hits="0"/>
						<line number="200" hits="0"/>
						<line number="207" hits="0"/>
						<line number="213" hits="0"/>
						<line number="220" hits="0"/>
						<line number="223" hits="0"/>
						<line number="246" hits="0"/>
						<line number="247" hits="0"/>
						<line number="253" hits="0"/>
						<line number="254" hits="0"/>
						<line number="256" hits="0"/>
						<line number="258" hits="0"/>
						<line number="262" hits="0"/>
						<line number="266" hits="0"/>
						<line number="267" hits="0"/>
						<line number="269" hits="0"/>
						<line number="272" hits="0"/>
						<line number="274" hits="0"/>
						<line number="277" hits="0"/>
						<line number="300" hits="0"/>
						<line number="302" hits="0"/>
						<line number="304" hits="0"/>
						<line number="308" hits="0"/>
						<line number="310" hits="0"/>
						<line number="311" hits="0"/>
						<line number="327" hits="0"/>
						<line number="331" hits="0"/>
						<line number="335" hits="0"/>
						<line number="336" hits="0"/>
						<line number="337" hits="0"/>
						<line number="339" hits="0"/>
						<line number="340" hits="0"/>
						<line number="342" hits="0"/>
						<line number="344" hits="0"/>
						<line number="346" hits="0"/>
						<line number="347" hits="0"/>
						<line number="349" hits="0"/>
						<line number="352" hits="0"/>
						<line number="355" hits="0"/>
						<line number="357" hits="0"/>
						<line number="358" hits="0"/>
						<line number="359" hits="0"/>
						<line number="360" hits="0"/>
						<line number="367" hits="0"/>
						<line number="368" hits="0"/>
						<line number="371" hits="0"/>
						<line number="372" hits="0"/>
						<line number="373" hits="0"/>
						<line number="383" hits="0"/>
						<line number="384" hits="0"/>
						<line number="386" hits="0"/>
						<line number="389" hits="0"/>
						<line number="392" hits="0"/>
						<line number="395" hits="0"/>
						<line number="398" hits="0"/>
						<line number="400" hits="0"/>
						<line number="402" hits="0"/>
						<line number="404" hits="0"/>
						<line number="407" hits="0"/>
						<line number="411" hits="0"/>
						<line number="413" hits="0"/>
						<line number="422" hits="0"/>
						<line number="425" hits="0"/>
						<line number="444" hits="0"/>
						<line number="445" hits="0"/>
						<line number="448" hits="0"/>
						<line number="450" hits="0"/>
						<line number="451" hits="0"/>
						<line number="453" hits="0"/>
						<line number="459" hits="0"/>
						<line number="461" hits="0"/>
						<line number="464" hits="0"/>
						<line number="488" hits="0"/>
						<line number="491" hits="0"/>
						<line number="496" hits="0"/>
						<line number="500" hits="0"/>
						<line number="503" hits="0"/>
						<line number="505" hits="0"/>
						<line number="511" hits="0"/>
						<line number="513" hits="0"/>
						<line number="517" hits="0"/>
						<line number="520" hits="0"/>
						<line number="521" hits="0"/>
						<line number="523" hits="0"/>
						<line number="526" hits="0"/>
						<line number="538" hits="0"/>
						<line number="539" hits="0"/>
						<line number="542" hits="0"/>
						<line number="555" hits="0"/>
						<line number="558" hits="0"/>
						<line number="559" hits="0"/>
						<line number="561" hits="0"/>
						<line number="563" hits="0"/>
						<line number="566" hits="0"/>
						<line number="568" hits="0"/>
						<line number="571" hits="0"/>
						<line number="595" hits="0"/>
						<line number="598" hits="0"/>
						<line number="600" hits="0"/>
						<line number="602" hits="0"/>
						<line number="604" hits="0"/>
						<line number="605" hits="0"/>
						<line number="608" hits="0"/>
						<line number="611" hits="0"/>
						<line number="613" hits="0"/>
						<line number="616" hits="0"/>
						<line number="617" hits="0"/>
						<line number="619" hits="0"/>
						<line number="622" hits="0"/>
						<line number="624" hits="0"/>
						<line number="626" hits="0"/>
						<line number="628" hits="0"/>
						<line number="631" hits="0"/>
						<line number="653" hits="0"/>
						<line number="655" hits="0"/>
						<line number="658" hits="0"/>
						<line number="661" hits="0"/>
						<line number="663" hits="0"/>
						<line number="665" hits="0"/>
						<line number="668" hits="0"/>
						<line number="676" hits="0"/>
						<line number="678" hits="0"/>
						<line number="681" hits="0"/>
						<line number="682" hits="0"/>
						<line number="683" hits="0"/>
						<line number="686" hits="0"/>
						<line number="689" hits="0"/>
						<line number="691" hits="0"/>
						<line number="694" hits="0"/>
						<line number="703" hits="0"/>
						<line number="706" hits="0"/>
						<line number="709" hits="0"/>
						<line number="729" hits="0"/>
						<line number="730" hits="0"/>
						<line number="731" hits="0"/>
						<line number="733" hits="0"/>
						<line number="734" hits="0"/>
						<line number="737" hits="0"/>
						<line number="739" hits="0"/>
						<line number="740" hits="0"/>
						<line number="741" hits="0"/>
						<line number="742" hits="0"/>
						<line number="743" hits="0"/>
						<line number="744" hits="0"/>
						<line number="745" hits="0"/>
						<line number="746" hits="0"/>
						<line number="747" hits="0"/>
					</lines>
				</class>
				<class name="plotting.py" filename="python/amici/plotting.py" complexity="0" line-rate="0" branch-rate="0">
					<methods/>
					<lines>
						<line number="12" hits="0"/>
						<line number="34" hits="0"/>
						<line number="35" hits="0"/>
						<line number="36" hits="0"/>
						<line number="37" hits="0"/>
						<line number="38" hits="0"/>
						<line number="39" hits="0"/>
						<line number="40" hits="0"/>
						<line number="41" hits="0"/>
						<line number="42" hits="0"/>
						<line number="44" hits="0"/>
						<line number="45" hits="0"/>
						<line number="46" hits="0"/>
						<line number="47" hits="0"/>
						<line number="48" hits="0"/>
						<line number="49" hits="0"/>
						<line number="52" hits="0"/>
						<line number="74" hits="0"/>
						<line number="75" hits="0"/>
						<line number="76" hits="0"/>
						<line number="77" hits="0"/>
						<line number="78" hits="0"/>
						<line number="79" hits="0"/>
						<line number="80" hits="0"/>
						<line number="81" hits="0"/>
						<line number="82" hits="0"/>
						<line number="84" hits="0"/>
						<line number="85" hits="0"/>
						<line number="86" hits="0"/>
						<line number="87" hits="0"/>
						<line number="88" hits="0"/>
						<line number="89" hits="0"/>
					</lines>
				</class>
				<class name="pysb_import.py" filename="python/amici/pysb_import.py" complexity="0" line-rate="0" branch-rate="0">
					<methods/>
					<lines>
						<line number="24" hits="0"/>
						<line number="25" hits="0"/>
						<line number="31" hits="0"/>
						<line number="34" hits="0"/>
						<line number="93" hits="0"/>
						<line number="94" hits="0"/>
						<line number="95" hits="0"/>
						<line number="96" hits="0"/>
						<line number="98" hits="0"/>
						<line number="99" hits="0"/>
						<line number="101" hits="0"/>
						<line number="109" hits="0"/>
						<line number="116" hits="0"/>
						<line number="117" hits="0"/>
						<line number="118" hits="0"/>
						<line number="120" hits="0"/>
						<line number="121" hits="0"/>
						<line number="124" hits="0"/>
						<line number="164" hits="0"/>
						<line number="166" hits="0"/>
						<line number="167" hits="0"/>
						<line number="169" hits="0"/>
						<line number="170" hits="0"/>
						<line number="172" hits="0"/>
						<line number="173" hits="0"/>
						<line number="175" hits="0"/>
						<line number="177" hits="0"/>
						<line number="178" hits="0"/>
						<line number="179" hits="0"/>
						<line number="180" hits="0"/>
						<line number="181" hits="0"/>
						<line number="182" hits="0"/>
						<line number="184" hits="0"/>
						<line number="186" hits="0"/>
						<line number="189" hits="0"/>
						<line number="190" hits="0"/>
						<line number="201" hits="0"/>
						<line number="203" hits="0"/>
						<line number="204" hits="0"/>
						<line number="205" hits="0"/>
						<line number="206" hits="0"/>
						<line number="208" hits="0"/>
						<line number="209" hits="0"/>
						<line number="211" hits="0"/>
						<line number="213" hits="0"/>
						<line number="221" hits="0"/>
						<line number="224" hits="0"/>
						<line number="225" hits="0"/>
						<line number="241" hits="0"/>
						<line number="242" hits="0"/>
						<line number="243" hits="0"/>
						<line number="245" hits="0"/>
						<line number="247" hits="0"/>
						<line number="252" hits="0"/>
						<line number="253" hits="0"/>
						<line number="281" hits="0"/>
						<line number="282" hits="0"/>
						<line number="286" hits="0"/>
						<line number="320" hits="0"/>
						<line number="324" hits="0"/>
						<line number="325" hits="0"/>
						<line number="326" hits="0"/>
						<line number="327" hits="0"/>
						<line number="329" hits="0"/>
						<line number="333" hits="0"/>
						<line number="334" hits="0"/>
						<line number="336" hits="0"/>
						<line number="337" hits="0"/>
						<line number="338" hits="0"/>
						<line number="348" hits="0"/>
						<line number="371" hits="0"/>
						<line number="372" hits="0"/>
						<line number="373" hits="0"/>
						<line number="375" hits="0"/>
						<line number="377" hits="0"/>
						<line number="380" hits="0"/>
						<line number="382" hits="0"/>
						<line number="383" hits="0"/>
						<line number="385" hits="0"/>
						<line number="388" hits="0"/>
						<line number="389" hits="0"/>
						<line number="413" hits="0"/>
						<line number="414" hits="0"/>
						<line number="418" hits="0"/>
						<line number="419" hits="0"/>
						<line number="432" hits="0"/>
						<line number="433" hits="0"/>
						<line number="434" hits="0"/>
						<line number="437" hits="0"/>
						<line number="440" hits="0"/>
						<line number="443" hits="0"/>
						<line number="446" hits="0"/>
						<line number="448" hits="0"/>
						<line number="450" hits="0"/>
						<line number="451" hits="0"/>
						<line number="454" hits="0"/>
						<line number="465" hits="0"/>
						<line number="467" hits="0"/>
						<line number="471" hits="0"/>
						<line number="476" hits="0"/>
						<line number="478" hits="0"/>
						<line number="481" hits="0"/>
						<line number="501" hits="0"/>
						<line number="503" hits="0"/>
						<line number="505" hits="0"/>
						<line number="506" hits="0"/>
						<line number="508" hits="0"/>
						<line number="511" hits="0"/>
						<line number="533" hits="0"/>
						<line number="534" hits="0"/>
						<line number="535" hits="0"/>
						<line number="543" hits="0"/>
						<line number="553" hits="0"/>
						<line number="554" hits="0"/>
						<line number="561" hits="0"/>
						<line number="565" hits="0"/>
						<line number="566" hits="0"/>
						<line number="569" hits="0"/>
						<line number="582" hits="0"/>
						<line number="583" hits="0"/>
						<line number="584" hits="0"/>
						<line number="586" hits="0"/>
						<line number="587" hits="0"/>
						<line number="588" hits="0"/>
						<line number="590" hits="0"/>
						<line number="591" hits="0"/>
						<line number="593" hits="0"/>
						<line number="596" hits="0"/>
						<line number="597" hits="0"/>
						<line number="599" hits="0"/>
						<line number="600" hits="0"/>
						<line number="601" hits="0"/>
						<line number="603" hits="0"/>
						<line number="604" hits="0"/>
						<line number="606" hits="0"/>
						<line number="607" hits="0"/>
						<line number="610" hits="0"/>
						<line number="621" hits="0"/>
						<line number="633" hits="0"/>
						<line number="637" hits="0"/>
						<line number="638" hits="0"/>
						<line number="640" hits="0"/>
						<line number="646" hits="0"/>
						<line number="650" hits="0"/>
						<line number="654" hits="0"/>
						<line number="655" hits="0"/>
						<line number="663" hits="0"/>
						<line number="668" hits="0"/>
						<line number="669" hits="0"/>
						<line number="672" hits="0"/>
						<line number="682" hits="0"/>
						<line number="683" hits="0"/>
						<line number="685" hits="0"/>
						<line number="689" hits="0"/>
						<line number="691" hits="0"/>
						<line number="694" hits="0"/>
						<line number="709" hits="0"/>
						<line number="711" hits="0"/>
						<line number="712" hits="0"/>
						<line number="714" hits="0"/>
						<line number="715" hits="0"/>
						<line number="716" hits="0"/>
						<line number="729" hits="0"/>
						<line number="755" hits="0"/>
						<line number="756" hits="0"/>
						<line number="758" hits="0"/>
						<line number="759" hits="0"/>
						<line number="761" hits="0"/>
						<line number="763" hits="0"/>
						<line number="765" hits="0"/>
						<line number="766" hits="0"/>
						<line number="768" hits="0"/>
						<line number="781" hits="0"/>
						<line number="791" hits="0"/>
						<line number="793" hits="0"/>
						<line number="794" hits="0"/>
						<line number="802" hits="0"/>
						<line number="803" hits="0"/>
						<line number="804" hits="0"/>
						<line number="807" hits="0"/>
						<line number="808" hits="0"/>
						<line number="810" hits="0"/>
						<line number="811" hits="0"/>
						<line number="812" hits="0"/>
						<line number="814" hits="0"/>
						<line number="815" hits="0"/>
						<line number="816" hits="0"/>
						<line number="818" hits="0"/>
						<line number="820" hits="0"/>
						<line number="821" hits="0"/>
						<line number="823" hits="0"/>
						<line number="826" hits="0"/>
						<line number="830" hits="0"/>
						<line number="833" hits="0"/>
						<line number="835" hits="0"/>
						<line number="843" hits="0"/>
						<line number="846" hits="0"/>
						<line number="851" hits="0"/>
						<line number="852" hits="0"/>
						<line number="861" hits="0"/>
[...]
						<line number="797" hits="1"/>
						<line number="798" hits="1"/>
						<line number="803" hits="1"/>
						<line number="804" hits="1"/>
						<line number="806" hits="1"/>
						<line number="807" hits="1"/>
						<line number="810" hits="1"/>
						<line number="811" hits="1"/>
						<line number="816" hits="1"/>
						<line number="817" hits="1"/>
						<line number="818" hits="1"/>
						<line number="825" hits="1"/>
						<line number="831" hits="1"/>
						<line number="832" hits="1"/>
						<line number="833" hits="1"/>
						<line number="834" hits="1"/>
						<line number="836" hits="1"/>
						<line number="837" hits="1"/>
						<line number="846" hits="1"/>
						<line number="847" hits="1"/>
						<line number="851" hits="1"/>
						<line number="853" hits="1"/>
						<line number="854" hits="1"/>
						<line number="855" hits="1"/>
						<line number="856" hits="1"/>
						<line number="857" hits="1"/>
						<line number="858" hits="1"/>
						<line number="862" hits="1"/>
						<line number="864" hits="1"/>
						<line number="866" hits="1"/>
						<line number="868" hits="1"/>
						<line number="869" hits="1"/>
						<line number="870" hits="1"/>
						<line number="871" hits="1"/>
						<line number="872" hits="1"/>
						<line number="874" hits="1"/>
						<line number="876" hits="1"/>
						<line number="877" hits="1"/>
						<line number="880" hits="1"/>
						<line number="882" hits="1"/>
						<line number="883" hits="1"/>
						<line number="885" hits="1"/>
						<line number="887" hits="1"/>
						<line number="888" hits="1"/>
						<line number="890" hits="1"/>
						<line number="891" hits="1"/>
						<line number="892" hits="0"/>
						<line number="893" hits="0"/>
						<line number="896" hits="1"/>
						<line number="897" hits="1"/>
						<line number="898" hits="1"/>
						<line number="899" hits="1"/>
						<line number="900" hits="1"/>
						<line number="902" hits="1"/>
						<line number="906" hits="1"/>
						<line number="907" hits="1"/>
						<line number="909" hits="1"/>
						<line number="910" hits="0"/>
						<line number="912" hits="1"/>
						<line number="913" hits="0"/>
						<line number="916" hits="1"/>
						<line number="917" hits="1"/>
						<line number="919" hits="1"/>
						<line number="923" hits="1"/>
						<line number="924" hits="1"/>
						<line number="928" hits="1"/>
						<line number="935" hits="1"/>
						<line number="942" hits="1"/>
						<line number="943" hits="1"/>
						<line number="949" hits="1"/>
						<line number="950" hits="1"/>
						<line number="955" hits="1"/>
						<line number="959" hits="1"/>
						<line number="960" hits="1"/>
						<line number="962" hits="1"/>
						<line number="963" hits="1"/>
						<line number="964" hits="1"/>
						<line number="965" hits="1"/>
						<line number="966" hits="1"/>
						<line number="967" hits="1"/>
						<line number="974" hits="1"/>
						<line number="978" hits="1"/>
						<line number="979" hits="1"/>
						<line number="980" hits="1"/>
						<line number="982" hits="1"/>
						<line number="984" hits="1"/>
						<line number="985" hits="1"/>
						<line number="1007" hits="1"/>
						<line number="1008" hits="0"/>
						<line number="1010" hits="1"/>
						<line number="1011" hits="0"/>
						<line number="1015" hits="1"/>
						<line number="1016" hits="1"/>
						<line number="1021" hits="1"/>
						<line number="1022" hits="0"/>
						<line number="1026" hits="1"/>
						<line number="1028" hits="1"/>
						<line number="1033" hits="1"/>
						<line number="1034" hits="1"/>
						<line number="1036" hits="1"/>
						<line number="1039" hits="1"/>
						<line number="1049" hits="1"/>
						<line number="1050" hits="1"/>
						<line number="1051" hits="1"/>
						<line number="1052" hits="1"/>
						<line number="1053" hits="1"/>
						<line number="1054" hits="1"/>
						<line number="1055" hits="1"/>
						<line number="1059" hits="1"/>
						<line number="1062" hits="0"/>
						<line number="1063" hits="0"/>
						<line number="1068" hits="0"/>
						<line number="1072" hits="0"/>
						<line number="1078" hits="0"/>
						<line number="1081" hits="0"/>
						<line number="1084" hits="1"/>
						<line number="1085" hits="1"/>
						<line number="1088" hits="1"/>
						<line number="1091" hits="1"/>
						<line number="1103" hits="1"/>
						<line number="1110" hits="1"/>
						<line number="1112" hits="1"/>
						<line number="1113" hits="1"/>
						<line number="1115" hits="1"/>
						<line number="1116" hits="1"/>
						<line number="1117" hits="1"/>
						<line number="1120" hits="1"/>
						<line number="1121" hits="1"/>
						<line number="1122" hits="1"/>
						<line number="1123" hits="1"/>
						<line number="1124" hits="1"/>
						<line number="1125" hits="1"/>
						<line number="1127" hits="1"/>
						<line number="1131" hits="1"/>
						<line number="1136" hits="1"/>
						<line number="1137" hits="0"/>
						<line number="1138" hits="0"/>
						<line number="1140" hits="1"/>
						<line number="1145" hits="1"/>
						<line number="1146" hits="1"/>
						<line number="1147" hits="1"/>
						<line number="1150" hits="1"/>
						<line number="1151" hits="1"/>
						<line number="1154" hits="1"/>
						<line number="1157" hits="1"/>
						<line number="1158" hits="1"/>
						<line number="1160" hits="1"/>
						<line number="1165" hits="1"/>
						<line number="1166" hits="1"/>
						<line number="1167" hits="1"/>
						<line number="1168" hits="1"/>
						<line number="1169" hits="1"/>
						<line number="1170" hits="1"/>
						<line number="1171" hits="1"/>
						<line number="1172" hits="1"/>
						<line number="1173" hits="1"/>
						<line number="1174" hits="1"/>
						<line number="1176" hits="1"/>
						<line number="1177" hits="1"/>
						<line number="1182" hits="1"/>
						<line number="1183" hits="1"/>
						<line number="1184" hits="1"/>
						<line number="1185" hits="1"/>
						<line number="1186" hits="1"/>
						<line number="1189" hits="1"/>
						<line number="1191" hits="1"/>
						<line number="1192" hits="1"/>
						<line number="1194" hits="1"/>
						<line number="1195" hits="1"/>
						<line number="1196" hits="1"/>
						<line number="1197" hits="1"/>
						<line number="1200" hits="1"/>
						<line number="1206" hits="1"/>
						<line number="1208" hits="1"/>
						<line number="1209" hits="1"/>
						<line number="1210" hits="1"/>
						<line number="1211" hits="1"/>
						<line number="1212" hits="1"/>
						<line number="1216" hits="1"/>
						<line number="1217" hits="1"/>
						<line number="1218" hits="1"/>
						<line number="1227" hits="1"/>
						<line number="1228" hits="1"/>
						<line number="1229" hits="1"/>
						<line number="1231" hits="1"/>
						<line number="1233" hits="1"/>
						<line number="1234" hits="1"/>
						<line number="1236" hits="1"/>
						<line number="1241" hits="1"/>
						<line number="1256" hits="1"/>
						<line number="1259" hits="1"/>
						<line number="1265" hits="1"/>
						<line number="1266" hits="1"/>
						<line number="1267" hits="1"/>
						<line number="1270" hits="1"/>
						<line number="1274" hits="1"/>
						<line number="1275" hits="1"/>
						<line number="1277" hits="1"/>
						<line number="1279" hits="1"/>
						<line number="1296" hits="1"/>
						<line number="1301" hits="1"/>
						<line number="1305" hits="1"/>
						<line number="1307" hits="1"/>
						<line number="1312" hits="1"/>
						<line number="1314" hits="1"/>
						<line number="1316" hits="1"/>
						<line number="1318" hits="1"/>
						<line number="1319" hits="1"/>
						<line number="1323" hits="1"/>
						<line number="1340" hits="1"/>
						<line number="1342" hits="1"/>
						<line number="1344" hits="1"/>
						<line number="1345" hits="0"/>
						<line number="1346" hits="0"/>
						<line number="1348" hits="1"/>
						<line number="1351" hits="1"/>
						<line number="1352" hits="1"/>
						<line number="1353" hits="1"/>
						<line number="1357" hits="1"/>
						<line number="1362" hits="1"/>
						<line number="1363" hits="1"/>
						<line number="1365" hits="1"/>
						<line number="1366" hits="1"/>
						<line number="1368" hits="1"/>
						<line number="1369" hits="1"/>
						<line number="1373" hits="1"/>
						<line number="1374" hits="1"/>
						<line number="1375" hits="1"/>
						<line number="1376" hits="1"/>
						<line number="1382" hits="1"/>
						<line number="1383" hits="1"/>
						<line number="1384" hits="1"/>
						<line number="1387" hits="1"/>
						<line number="1391" hits="1"/>
						<line number="1392" hits="1"/>
						<line number="1393" hits="1"/>
						<line number="1394" hits="1"/>
						<line number="1395" hits="1"/>
						<line number="1397" hits="1"/>
						<line number="1398" hits="1"/>
						<line number="1399" hits="1"/>
						<line number="1402" hits="1"/>
						<line number="1407" hits="1"/>
						<line number="1410" hits="1"/>
						<line number="1412" hits="1"/>
						<line number="1415" hits="1"/>
						<line number="1423" hits="1"/>
						<line number="1434" hits="1"/>
						<line number="1435" hits="1"/>
						<line number="1436" hits="1"/>
						<line number="1439" hits="1"/>
						<line number="1443" hits="1"/>
						<line number="1444" hits="1"/>
						<line number="1445" hits="1"/>
						<line number="1447" hits="1"/>
						<line number="1449" hits="1"/>
						<line number="1457" hits="1"/>
						<line number="1460" hits="1"/>
						<line number="1463" hits="1"/>
						<line number="1464" hits="1"/>
						<line number="1466" hits="1"/>
						<line number="1475" hits="1"/>
						<line number="1478" hits="1"/>
						<line number="1495" hits="1"/>
						<line number="1496" hits="1"/>
						<line number="1497" hits="1"/>
						<line number="1498" hits="1"/>
						<line number="1499" hits="1"/>
						<line number="1500" hits="1"/>
						<line number="1501" hits="1"/>
						<line number="1505" hits="1"/>
						<line number="1506" hits="1"/>
						<line number="1507" hits="1"/>
						<line number="1509" hits="0"/>
						<line number="1510" hits="1"/>
						<line number="1511" hits="1"/>
						<line number="1512" hits="1"/>
						<line number="1515" hits="1"/>
						<line number="1529" hits="1"/>
						<line number="1537" hits="1"/>
						<line number="1546" hits="1"/>
						<line number="1549" hits="1"/>
						<line number="1560" hits="1"/>
						<line number="1561" hits="1"/>
						<line number="1562" hits="1"/>
						<line number="1564" hits="1"/>
						<line number="1565" hits="1"/>
						<line number="1566" hits="1"/>
						<line number="1568" hits="1"/>
						<line number="1571" hits="0"/>
						<line number="1575" hits="1"/>
						<line number="1581" hits="1"/>
						<line number="1594" hits="1"/>
						<line number="1595" hits="1"/>
						<line number="1597" hits="1"/>
						<line number="1602" hits="1"/>
						<line number="1610" hits="1"/>
						<line number="1615" hits="1"/>
						<line number="1616" hits="1"/>
						<line number="1624" hits="1"/>
						<line number="1629" hits="1"/>
						<line number="1630" hits="1"/>
						<line number="1633" hits="1"/>
						<line number="1644" hits="1"/>
						<line number="1646" hits="1"/>
						<line number="1647" hits="1"/>
						<line number="1648" hits="1"/>
						<line number="1649" hits="0"/>
						<line number="1650" hits="1"/>
						<line number="1652" hits="1"/>
						<line number="1653" hits="1"/>
						<line number="1654" hits="1"/>
						<line number="1655" hits="1"/>
						<line number="1659" hits="1"/>
						<line number="1660" hits="1"/>
						<line number="1661" hits="1"/>
						<line number="1662" hits="1"/>
						<line number="1664" hits="1"/>
						<line number="1667" hits="1"/>
						<line number="1677" hits="1"/>
						<line number="1678" hits="1"/>
						<line number="1680" hits="1"/>
						<line number="1684" hits="1"/>
						<line number="1687" hits="1"/>
						<line number="1705" hits="1"/>
						<line number="1706" hits="1"/>
						<line number="1709" hits="1"/>
						<line number="1728" hits="0"/>
						<line number="1729" hits="0"/>
						<line number="1730" hits="0"/>
						<line number="1731" hits="0"/>
						<line number="1732" hits="0"/>
						<line number="1739" hits="0"/>
						<line number="1740" hits="0"/>
						<line number="1741" hits="0"/>
						<line number="1743" hits="0"/>
						<line number="1746" hits="1"/>
						<line number="1852" hits="1"/>
						<line number="1853" hits="0"/>
						<line number="1855" hits="1"/>
						<line number="1856" hits="1"/>
						<line number="1857" hits="0"/>
						<line number="1858" hits="0"/>
						<line number="1860" hits="0"/>
						<line number="1861" hits="0"/>
						<line number="1863" hits="0"/>
						<line number="1864" hits="0"/>
						<line number="1865" hits="0"/>
						<line number="1866" hits="0"/>
						<line number="1867" hits="0"/>
						<line number="1868" hits="0"/>
						<line number="1870" hits="0"/>
						<line number="1872" hits="0"/>
						<line number="1875" hits="0"/>
						<line number="1880" hits="0"/>
						<line number="1881" hits="0"/>
						<line number="1888" hits="1"/>
						<line number="1889" hits="1"/>
						<line number="1890" hits="1"/>
						<line number="1892" hits="1"/>
						<line number="1895" hits="1"/>
						<line number="1897" hits="1"/>
						<line number="1898" hits="1"/>
						<line number="1901" hits="1"/>
						<line number="1919" hits="1"/>
						<line number="1922" hits="1"/>
						<line number="1923" hits="1"/>
						<line number="1926" hits="1"/>
						<line number="1927" hits="1"/>
						<line number="1928" hits="1"/>
						<line number="1935" hits="1"/>
						<line number="1937" hits="1"/>
						<line number="1940" hits="1"/>
						<line number="1951" hits="1"/>
						<line number="1954" hits="1"/>
						<line number="1965" hits="1"/>
						<line number="1968" hits="1"/>
						<line number="1978" hits="1"/>
						<line number="1981" hits="1"/>
						<line number="1984" hits="1"/>
						<line number="1986" hits="1"/>
						<line number="1988" hits="1"/>
						<line number="1989" hits="1"/>
						<line number="1990" hits="1"/>
						<line number="1992" hits="1"/>
						<line number="1993" hits="1"/>
						<line number="1996" hits="1"/>
						<line number="1997" hits="1"/>
						<line number="1999" hits="1"/>
						<line number="2000" hits="1"/>
						<line number="2002" hits="1"/>
						<line number="2005" hits="1"/>
						<line number="2013" hits="1"/>
						<line number="2014" hits="1"/>
						<line number="2015" hits="1"/>
						<line number="2016" hits="1"/>
						<line number="2019" hits="1"/>
						<line number="2020" hits="0"/>
						<line number="2021" hits="0"/>
						<line number="2022" hits="0"/>
						<line number="2023" hits="0"/>
						<line number="2025" hits="1"/>
						<line number="2026" hits="1"/>
						<line number="2027" hits="1"/>
						<line number="2029" hits="1"/>
						<line number="2034" hits="1"/>
						<line number="2037" hits="1"/>
						<line number="2038" hits="1"/>
					</lines>
				</class>
				<class name="setuptools.py" filename="python/amici/setuptools.py" complexity="0" line-rate="0.5" branch-rate="0">
					<methods/>
					<lines>
						<line number="15" hits="1"/>
						<line number="20" hits="1"/>
						<line number="21" hits="0"/>
						<line number="22" hits="0"/>
						<line number="26" hits="1"/>
						<line number="29" hits="1"/>
						<line number="37" hits="1"/>
						<line number="46" hits="1"/>
						<line number="47" hits="0"/>
						<line number="51" hits="1"/>
						<line number="52" hits="0"/>
						<line number="56" hits="1"/>
						<line number="59" hits="0"/>
						<line number="63" hits="1"/>
						<line number="64" hits="0"/>
						<line number="65" hits="0"/>
						<line number="68" hits="0"/>
						<line number="69" hits="0"/>
						<line number="72" hits="0"/>
						<line number="73" hits="0"/>
						<line number="76" hits="1"/>
						<line number="77" hits="1"/>
						<line number="78" hits="1"/>
						<line number="79" hits="0"/>
						<line number="80" hits="0"/>
						<line number="83" hits="0"/>
						<line number="87" hits="0"/>
						<line number="90" hits="1"/>
						<line number="92" hits="1"/>
						<line number="95" hits="1"/>
						<line number="103" hits="1"/>
						<line number="108" hits="1"/>
						<line number="109" hits="1"/>
						<line number="112" hits="1"/>
						<line number="118" hits="1"/>
						<line number="129" hits="1"/>
						<line number="130" hits="0"/>
						<line number="132" hits="0"/>
						<line number="136" hits="1"/>
						<line number="137" hits="0"/>
						<line number="139" hits="0"/>
						<line number="142" hits="1"/>
						<line number="143" hits="1"/>
						<line number="145" hits="1"/>
						<line number="146" hits="1"/>
						<line number="147" hits="1"/>
						<line number="148" hits="1"/>
						<line number="150" hits="1"/>
						<line number="152" hits="1"/>
						<line number="153" hits="1"/>
						<line number="155" hits="1"/>
						<line number="156" hits="1"/>
						<line number="157" hits="1"/>
						<line number="158" hits="1"/>
						<line number="159" hits="1"/>
						<line number="161" hits="1"/>
						<line number="163" hits="1"/>
						<line number="164" hits="1"/>
						<line number="165" hits="1"/>
						<line number="167" hits="0"/>
						<line number="168" hits="0"/>
						<line number="169" hits="0"/>
						<line number="170" hits="0"/>
						<line number="171" hits="0"/>
						<line number="174" hits="0"/>
						<line number="179" hits="0"/>
						<line number="182" hits="1"/>
						<line number="193" hits="1"/>
						<line number="195" hits="0"/>
						<line number="197" hits="0"/>
						<line number="198" hits="0"/>
						<line number="201" hits="1"/>
						<line number="213" hits="1"/>
						<line number="215" hits="0"/>
						<line number="217" hits="0"/>
						<line number="218" hits="0"/>
						<line number="221" hits="1"/>
						<line number="227" hits="0"/>
						<line number="228" hits="0"/>
						<line number="230" hits="0"/>
						<line number="240" hits="0"/>
						<line number="243" hits="0"/>
						<line number="244" hits="0"/>
						<line number="246" hits="0"/>
						<line number="247" hits="0"/>
						<line number="249" hits="0"/>
						<line number="250" hits="0"/>
						<line number="253" hits="0"/>
						<line number="254" hits="0"/>
						<line number="256" hits="0"/>
						<line number="261" hits="0"/>
						<line number="262" hits="0"/>
						<line number="264" hits="0"/>
						<line number="269" hits="1"/>
						<line number="273" hits="1"/>
						<line number="274" hits="0"/>
						<line number="275" hits="0"/>
						<line number="276" hits="0"/>
						<line number="277" hits="1"/>
						<line number="278" hits="1"/>
						<line number="279" hits="1"/>
						<line number="280" hits="1"/>
						<line number="281" hits="1"/>
						<line number="283" hits="0"/>
					</lines>
				</class>
				<class name="swig.py" filename="python/amici/swig.py" complexity="0" line-rate="0.75" branch-rate="0">
					<methods/>
					<lines>
						<line number="9" hits="1"/>
						<line number="19" hits="1"/>
						<line number="21" hits="1"/>
						<line number="22" hits="0"/>
						<line number="24" hits="1"/>
						<line number="25" hits="1"/>
						<line number="26" hits="1"/>
						<line number="43" hits="1"/>
						<line number="46" hits="1"/>
						<line number="48" hits="1"/>
						<line number="51" hits="1"/>
						<line number="52" hits="1"/>
						<line number="53" hits="1"/>
						<line number="54" hits="1"/>
						<line number="56" hits="1"/>
						<line number="57" hits="1"/>
						<line number="58" hits="1"/>
						<line number="60" hits="0"/>
						<line number="62" hits="1"/>
						<line number="65" hits="1"/>
						<line number="71" hits="0"/>
						<line number="74" hits="0"/>
						<line number="76" hits="0"/>
						<line number="79" hits="0"/>
					</lines>
				</class>
			</classes>
		</package>
	</packages>
</coverage>
