<?xml version="1.0" ?>
<coverage branch-rate="0" branches-covered="0" branches-valid="0" complexity="0" line-rate="0" lines-covered="0" lines-valid="756" timestamp="1535996567953" version="4.5.1">
	<!-- Generated by coverage.py: https://coverage.readthedocs.io -->
	<!-- Based on https://raw.githubusercontent.com/cobertura/web/master/htdocs/xml/coverage-04.dtd -->
	<sources/>
	<packages>
		<package branch-rate="0" complexity="0" line-rate="0" name=".usr.local.lib.python3.7.site-packages.amici">
			<classes>
				<class branch-rate="0" complexity="0" filename="/usr/local/lib/python3.7/site-packages/amici/__init__.py" line-rate="0" name="__init__.py">
					<methods/>
					<lines>
						<line hits="0" number="31"/>
						<line hits="0" number="32"/>
						<line hits="0" number="33"/>
						<line hits="0" number="34"/>
						<line hits="0" number="37"/>
						<line hits="0" number="38"/>
						<line hits="0" number="44"/>
						<line hits="0" number="45"/>
						<line hits="0" number="48"/>
						<line hits="0" number="50"/>
						<line hits="0" number="51"/>
						<line hits="0" number="52"/>
						<line hits="0" number="59"/>
						<line hits="0" number="73"/>
						<line hits="0" number="74"/>
						<line hits="0" number="76"/>
						<line hits="0" number="77"/>
						<line hits="0" number="79"/>
						<line hits="0" number="93"/>
						<line hits="0" number="96"/>
						<line hits="0" number="110"/>
						<line hits="0" number="111"/>
						<line hits="0" number="112"/>
						<line hits="0" number="117"/>
						<line hits="0" number="119"/>
					</lines>
				</class>
				<class branch-rate="0" complexity="0" filename="/usr/local/lib/python3.7/site-packages/amici/numpy.py" line-rate="0" name="numpy.py">
					<methods/>
					<lines>
						<line hits="0" number="3"/>
						<line hits="0" number="17"/>
						<line hits="0" number="18"/>
						<line hits="0" number="19"/>
						<line hits="0" number="20"/>
						<line hits="0" number="22"/>
						<line hits="0" number="24"/>
						<line hits="0" number="26"/>
						<line hits="0" number="38"/>
						<line hits="0" number="39"/>
						<line hits="0" number="48"/>
						<line hits="0" number="49"/>
						<line hits="0" number="51"/>
						<line hits="0" number="54"/>
						<line hits="0" number="66"/>
						<line hits="0" number="68"/>
						<line hits="0" number="72"/>
						<line hits="0" number="73"/>
						<line hits="0" number="74"/>
						<line hits="0" number="75"/>
						<line hits="0" number="77"/>
						<line hits="0" number="78"/>
						<line hits="0" number="80"/>
						<line hits="0" number="83"/>
						<line hits="0" number="97"/>
						<line hits="0" number="140"/>
						<line hits="0" number="141"/>
						<line hits="0" number="143"/>
						<line hits="0" number="146"/>
						<line hits="0" number="160"/>
						<line hits="0" number="174"/>
					</lines>
				</class>
				<class branch-rate="0" complexity="0" filename="/usr/local/lib/python3.7/site-packages/amici/pandas.py" line-rate="0" name="pandas.py">
					<methods/>
					<lines>
						<line hits="0" number="7"/>
						<line hits="0" number="21"/>
						<line hits="0" number="22"/>
						<line hits="0" number="24"/>
						<line hits="0" number="25"/>
						<line hits="0" number="26"/>
						<line hits="0" number="27"/>
						<line hits="0" number="31"/>
						<line hits="0" number="33"/>
						<line hits="0" number="34"/>
						<line hits="0" number="37"/>
						<line hits="0" number="39"/>
						<line hits="0" number="41"/>
						<line hits="0" number="44"/>
						<line hits="0" number="59"/>
						<line hits="0" number="60"/>
						<line hits="0" number="62"/>
						<line hits="0" number="63"/>
						<line hits="0" number="64"/>
						<line hits="0" number="68"/>
						<line hits="0" number="70"/>
						<line hits="0" number="71"/>
						<line hits="0" number="73"/>
						<line hits="0" number="75"/>
						<line hits="0" number="77"/>
						<line hits="0" number="80"/>
						<line hits="0" number="95"/>
						<line hits="0" number="96"/>
						<line hits="0" number="98"/>
						<line hits="0" number="99"/>
						<line hits="0" number="100"/>
						<line hits="0" number="104"/>
						<line hits="0" number="105"/>
						<line hits="0" number="107"/>
						<line hits="0" number="109"/>
						<line hits="0" number="110"/>
						<line hits="0" number="113"/>
						<line hits="0" number="128"/>
						<line hits="0" number="129"/>
						<line hits="0" number="132"/>
						<line hits="0" number="134"/>
						<line hits="0" number="136"/>
						<line hits="0" number="137"/>
						<line hits="0" number="141"/>
						<line hits="0" number="142"/>
						<line hits="0" number="145"/>
						<line hits="0" number="146"/>
						<line hits="0" number="147"/>
						<line hits="0" number="148"/>
						<line hits="0" number="149"/>
						<line hits="0" number="151"/>
						<line hits="0" number="154"/>
						<line hits="0" number="169"/>
						<line hits="0" number="171"/>
						<line hits="0" number="172"/>
						<line hits="0" number="173"/>
						<line hits="0" number="175"/>
						<line hits="0" number="177"/>
						<line hits="0" number="178"/>
						<line hits="0" number="181"/>
						<line hits="0" number="183"/>
						<line hits="0" number="184"/>
						<line hits="0" number="187"/>
						<line hits="0" number="188"/>
						<line hits="0" number="191"/>
						<line hits="0" number="203"/>
						<line hits="0" number="214"/>
						<line hits="0" number="226"/>
						<line hits="0" number="236"/>
						<line hits="0" number="248"/>
						<line hits="0" number="258"/>
						<line hits="0" number="272"/>
						<line hits="0" number="273"/>
						<line hits="0" number="274"/>
						<line hits="0" number="275"/>
						<line hits="0" number="276"/>
						<line hits="0" number="277"/>
						<line hits="0" number="278"/>
						<line hits="0" number="280"/>
						<line hits="0" number="283"/>
						<line hits="0" number="298"/>
						<line hits="0" number="299"/>
						<line hits="0" number="300"/>
						<line hits="0" number="301"/>
						<line hits="0" number="304"/>
						<line hits="0" number="321"/>
						<line hits="0" number="324"/>
						<line hits="0" number="325"/>
						<line hits="0" number="327"/>
						<line hits="0" number="328"/>
						<line hits="0" number="329"/>
						<line hits="0" number="330"/>
						<line hits="0" number="332"/>
						<line hits="0" number="333"/>
						<line hits="0" number="335"/>
						<line hits="0" number="338"/>
						<line hits="0" number="342"/>
						<line hits="0" number="344"/>
						<line hits="0" number="349"/>
						<line hits="0" number="351"/>
						<line hits="0" number="356"/>
						<line hits="0" number="357"/>
						<line hits="0" number="360"/>
						<line hits="0" number="361"/>
						<line hits="0" number="362"/>
						<line hits="0" number="364"/>
						<line hits="0" number="365"/>
						<line hits="0" number="370"/>
						<line hits="0" number="373"/>
						<line hits="0" number="390"/>
						<line hits="0" number="392"/>
						<line hits="0" number="393"/>
						<line hits="0" number="394"/>
						<line hits="0" number="395"/>
						<line hits="0" number="396"/>
						<line hits="0" number="397"/>
						<line hits="0" number="398"/>
						<line hits="0" number="399"/>
						<line hits="0" number="400"/>
						<line hits="0" number="402"/>
						<line hits="0" number="404"/>
						<line hits="0" number="405"/>
						<line hits="0" number="406"/>
						<line hits="0" number="407"/>
						<line hits="0" number="409"/>
						<line hits="0" number="410"/>
						<line hits="0" number="412"/>
						<line hits="0" number="414"/>
					</lines>
				</class>
				<class branch-rate="0" complexity="0" filename="/usr/local/lib/python3.7/site-packages/amici/plotting.py" line-rate="0" name="plotting.py">
					<methods/>
					<lines>
						<line hits="0" number="5"/>
						<line hits="0" number="18"/>
						<line hits="0" number="19"/>
						<line hits="0" number="20"/>
						<line hits="0" number="21"/>
						<line hits="0" number="22"/>
						<line hits="0" number="23"/>
						<line hits="0" number="24"/>
						<line hits="0" number="25"/>
						<line hits="0" number="26"/>
						<line hits="0" number="27"/>
						<line hits="0" number="30"/>
						<line hits="0" number="43"/>
						<line hits="0" number="44"/>
						<line hits="0" number="45"/>
						<line hits="0" number="46"/>
						<line hits="0" number="47"/>
						<line hits="0" number="48"/>
						<line hits="0" number="49"/>
						<line hits="0" number="50"/>
						<line hits="0" number="51"/>
						<line hits="0" number="52"/>
					</lines>
				</class>
				<class branch-rate="0" complexity="0" filename="/usr/local/lib/python3.7/site-packages/amici/sbml_import.py" line-rate="0" name="sbml_import.py">
					<methods/>
					<lines>
						<line hits="0" number="20"/>
						<line hits="0" number="21"/>
						<line hits="0" number="23"/>
						<line hits="0" number="63"/>
						<line hits="0" number="77"/>
						<line hits="0" number="79"/>
						<line hits="0" number="81"/>
						<line hits="0" number="83"/>
						<line hits="0" number="86"/>
						<line hits="0" number="208"/>
						<line hits="0" number="227"/>
						<line hits="0" number="239"/>
						<line hits="0" number="240"/>
						<line hits="0" number="241"/>
						<line hits="0" number="246"/>
						<line hits="0" number="247"/>
						<line hits="0" number="248"/>
						<line hits="0" number="250"/>
						<line hits="0" number="251"/>
						<line hits="0" number="253"/>
						<line hits="0" number="254"/>
						<line hits="0" number="258"/>
						<line hits="0" number="260"/>
						<line hits="0" number="263"/>
						<line hits="0" number="275"/>
						<line hits="0" number="276"/>
						<line hits="0" number="277"/>
						<line hits="0" number="278"/>
						<line hits="0" number="279"/>
						<line hits="0" number="280"/>
						<line hits="0" number="281"/>
						<line hits="0" number="282"/>
						<line hits="0" number="283"/>
						<line hits="0" number="284"/>
						<line hits="0" number="285"/>
						<line hits="0" number="286"/>
						<line hits="0" number="287"/>
						<line hits="0" number="290"/>
						<line hits="0" number="317"/>
						<line hits="0" number="318"/>
						<line hits="0" number="320"/>
						<line hits="0" number="321"/>
						<line hits="0" number="323"/>
						<line hits="0" number="324"/>
						<line hits="0" number="326"/>
						<line hits="0" number="327"/>
						<line hits="0" number="328"/>
						<line hits="0" number="329"/>
						<line hits="0" number="330"/>
						<line hits="0" number="331"/>
						<line hits="0" number="332"/>
						<line hits="0" number="335"/>
						<line hits="0" number="346"/>
						<line hits="0" number="349"/>
						<line hits="0" number="363"/>
						<line hits="0" number="364"/>
						<line hits="0" number="366"/>
						<line hits="0" number="367"/>
						<line hits="0" number="369"/>
						<line hits="0" number="370"/>
						<line hits="0" number="371"/>
						<line hits="0" number="374"/>
						<line hits="0" number="387"/>
						<line hits="0" number="388"/>
						<line hits="0" number="390"/>
						<line hits="0" number="391"/>
						<line hits="0" number="392"/>
						<line hits="0" number="393"/>
						<line hits="0" number="394"/>
						<line hits="0" number="395"/>
						<line hits="0" number="396"/>
						<line hits="0" number="397"/>
						<line hits="0" number="398"/>
						<line hits="0" number="399"/>
						<line hits="0" number="402"/>
						<line hits="0" number="412"/>
						<line hits="0" number="413"/>
						<line hits="0" number="416"/>
						<line hits="0" number="418"/>
						<line hits="0" number="420"/>
						<line hits="0" number="421"/>
						<line hits="0" number="423"/>
						<line hits="0" number="425"/>
						<line hits="0" number="428"/>
						<line hits="0" number="430"/>
						<line hits="0" number="432"/>
						<line hits="0" number="436"/>
						<line hits="0" number="440"/>
						<line hits="0" number="450"/>
						<line hits="0" number="451"/>
						<line hits="0" number="452"/>
						<line hits="0" number="455"/>
						<line hits="0" number="458"/>
						<line hits="0" number="459"/>
						<line hits="0" number="462"/>
						<line hits="0" number="465"/>
						<line hits="0" number="470"/>
						<line hits="0" number="473"/>
						<line hits="0" number="474"/>
						<line hits="0" number="476"/>
						<line hits="0" number="477"/>
						<line hits="0" number="478"/>
						<line hits="0" number="479"/>
						<line hits="0" number="480"/>
						<line hits="0" number="482"/>
						<line hits="0" number="483"/>
						<line hits="0" number="487"/>
						<line hits="0" number="488"/>
						<line hits="0" number="489"/>
						<line hits="0" number="493"/>
						<line hits="0" number="497"/>
						<line hits="0" number="498"/>
						<line hits="0" number="500"/>
						<line hits="0" number="502"/>
						<line hits="0" number="510"/>
						<line hits="0" number="521"/>
						<line hits="0" number="522"/>
						<line hits="0" number="525"/>
						<line hits="0" number="526"/>
						<line hits="0" number="527"/>
						<line hits="0" number="529"/>
						<line hits="0" number="530"/>
						<line hits="0" number="532"/>
						<line hits="0" number="533"/>
						<line hits="0" number="534"/>
						<line hits="0" number="535"/>
						<line hits="0" number="536"/>
						<line hits="0" number="539"/>
						<line hits="0" number="540"/>
						<line hits="0" number="541"/>
						<line hits="0" number="542"/>
						<line hits="0" number="543"/>
						<line hits="0" number="547"/>
						<line hits="0" number="557"/>
						<line hits="0" number="558"/>
						<line hits="0" number="559"/>
						<line hits="0" number="562"/>
						<line hits="0" number="565"/>
						<line hits="0" number="575"/>
						<line hits="0" number="576"/>
						<line hits="0" number="579"/>
						<line hits="0" number="580"/>
						<line hits="0" number="581"/>
						<line hits="0" number="583"/>
						<line hits="0" number="585"/>
						<line hits="0" number="587"/>
						<line hits="0" number="588"/>
						<line hits="0" number="590"/>
						<line hits="0" number="591"/>
						<line hits="0" number="592"/>
						<line hits="0" number="594"/>
						<line hits="0" number="597"/>
						<line hits="0" number="598"/>
						<line hits="0" number="599"/>
						<line hits="0" number="601"/>
						<line hits="0" number="603"/>
						<line hits="0" number="604"/>
						<line hits="0" number="606"/>
						<line hits="0" number="607"/>
						<line hits="0" number="612"/>
						<line hits="0" number="613"/>
						<line hits="0" number="614"/>
						<line hits="0" number="615"/>
						<line hits="0" number="616"/>
						<line hits="0" number="617"/>
						<line hits="0" number="618"/>
						<line hits="0" number="619"/>
						<line hits="0" number="620"/>
						<line hits="0" number="621"/>
						<line hits="0" number="622"/>
						<line hits="0" number="623"/>
						<line hits="0" number="625"/>
						<line hits="0" number="628"/>
						<line hits="0" number="638"/>
						<line hits="0" number="640"/>
						<line hits="0" number="641"/>
						<line hits="0" number="642"/>
						<line hits="0" number="643"/>
						<line hits="0" number="644"/>
						<line hits="0" number="645"/>
						<line hits="0" number="646"/>
						<line hits="0" number="648"/>
						<line hits="0" number="649"/>
						<line hits="0" number="650"/>
						<line hits="0" number="651"/>
						<line hits="0" number="652"/>
						<line hits="0" number="654"/>
						<line hits="0" number="655"/>
						<line hits="0" number="657"/>
						<line hits="0" number="658"/>
						<line hits="0" number="660"/>
						<line hits="0" number="661"/>
						<line hits="0" number="663"/>
						<line hits="0" number="664"/>
						<line hits="0" number="665"/>
						<line hits="0" number="666"/>
						<line hits="0" number="667"/>
						<line hits="0" number="669"/>
						<line hits="0" number="670"/>
						<line hits="0" number="672"/>
						<line hits="0" number="673"/>
						<line hits="0" number="675"/>
						<line hits="0" number="676"/>
						<line hits="0" number="677"/>
						<line hits="0" number="678"/>
						<line hits="0" number="679"/>
						<line hits="0" number="681"/>
						<line hits="0" number="691"/>
						<line hits="0" number="692"/>
						<line hits="0" number="693"/>
						<line hits="0" number="699"/>
						<line hits="0" number="709"/>
						<line hits="0" number="710"/>
						<line hits="0" number="712"/>
						<line hits="0" number="716"/>
						<line hits="0" number="728"/>
						<line hits="0" number="729"/>
						<line hits="0" number="730"/>
						<line hits="0" number="731"/>
						<line hits="0" number="734"/>
						<line hits="0" number="744"/>
						<line hits="0" number="745"/>
						<line hits="0" number="746"/>
						<line hits="0" number="747"/>
						<line hits="0" number="748"/>
						<line hits="0" number="749"/>
						<line hits="0" number="750"/>
						<line hits="0" number="751"/>
						<line hits="0" number="753"/>
						<line hits="0" number="763"/>
						<line hits="0" number="764"/>
						<line hits="0" number="766"/>
						<line hits="0" number="768"/>
						<line hits="0" number="772"/>
						<line hits="0" number="775"/>
						<line hits="0" number="791"/>
						<line hits="0" number="792"/>
						<line hits="0" number="793"/>
						<line hits="0" number="794"/>
						<line hits="0" number="795"/>
						<line hits="0" number="796"/>
						<line hits="0" number="797"/>
						<line hits="0" number="798"/>
						<line hits="0" number="799"/>
						<line hits="0" number="800"/>
						<line hits="0" number="801"/>
						<line hits="0" number="802"/>
						<line hits="0" number="803"/>
						<line hits="0" number="804"/>
						<line hits="0" number="805"/>
						<line hits="0" number="806"/>
						<line hits="0" number="807"/>
						<line hits="0" number="808"/>
						<line hits="0" number="809"/>
						<line hits="0" number="810"/>
						<line hits="0" number="812"/>
						<line hits="0" number="826"/>
						<line hits="0" number="827"/>
						<line hits="0" number="829"/>
						<line hits="0" number="830"/>
						<line hits="0" number="833"/>
						<line hits="0" number="834"/>
						<line hits="0" number="835"/>
						<line hits="0" number="838"/>
						<line hits="0" number="839"/>
						<line hits="0" number="840"/>
						<line hits="0" number="843"/>
						<line hits="0" number="853"/>
						<line hits="0" number="854"/>
						<line hits="0" number="856"/>
						<line hits="0" number="860"/>
						<line hits="0" number="862"/>
						<line hits="0" number="863"/>
						<line hits="0" number="865"/>
						<line hits="0" number="871"/>
						<line hits="0" number="873"/>
						<line hits="0" number="882"/>
						<line hits="0" number="885"/>
						<line hits="0" number="900"/>
						<line hits="0" number="901"/>
						<line hits="0" number="903"/>
						<line hits="0" number="904"/>
						<line hits="0" number="906"/>
						<line hits="0" number="909"/>
						<line hits="0" number="912"/>
						<line hits="0" number="913"/>
						<line hits="0" number="914"/>
						<line hits="0" number="915"/>
						<line hits="0" number="916"/>
						<line hits="0" number="917"/>
						<line hits="0" number="919"/>
						<line hits="0" number="920"/>
						<line hits="0" number="923"/>
						<line hits="0" number="924"/>
						<line hits="0" number="926"/>
						<line hits="0" number="927"/>
						<line hits="0" number="928"/>
						<line hits="0" number="929"/>
						<line hits="0" number="930"/>
						<line hits="0" number="931"/>
						<line hits="0" number="932"/>
						<line hits="0" number="935"/>
						<line hits="0" number="936"/>
						<line hits="0" number="937"/>
						<line hits="0" number="939"/>
						<line hits="0" number="941"/>
						<line hits="0" number="942"/>
						<line hits="0" number="943"/>
						<line hits="0" number="944"/>
						<line hits="0" number="945"/>
						<line hits="0" number="947"/>
						<line hits="0" number="948"/>
						<line hits="0" number="949"/>
						<line hits="0" number="952"/>
						<line hits="0" number="962"/>
						<line hits="0" number="967"/>
						<line hits="0" number="972"/>
						<line hits="0" number="977"/>
						<line hits="0" number="982"/>
						<line hits="0" number="987"/>
						<line hits="0" number="991"/>
						<line hits="0" number="992"/>
						<line hits="0" number="997"/>
						<line hits="0" number="1002"/>
						<line hits="0" number="1004"/>
						<line hits="0" number="1006"/>
						<line hits="0" number="1009"/>
						<line hits="0" number="1020"/>
						<line hits="0" number="1021"/>
						<line hits="0" number="1025"/>
						<line hits="0" number="1035"/>
						<line hits="0" number="1036"/>
						<line hits="0" number="1037"/>
						<line hits="0" number="1039"/>
						<line hits="0" number="1043"/>
						<line hits="0" number="1044"/>
						<line hits="0" number="1046"/>
						<line hits="0" number="1050"/>
						<line hits="0" number="1060"/>
						<line hits="0" number="1061"/>
						<line hits="0" number="1062"/>
						<line hits="0" number="1063"/>
						<line hits="0" number="1067"/>
						<line hits="0" number="1080"/>
						<line hits="0" number="1081"/>
						<line hits="0" number="1083"/>
						<line hits="0" number="1084"/>
						<line hits="0" number="1086"/>
						<line hits="0" number="1087"/>
						<line hits="0" number="1088"/>
						<line hits="0" number="1089"/>
						<line hits="0" number="1090"/>
						<line hits="0" number="1091"/>
						<line hits="0" number="1093"/>
						<line hits="0" number="1097"/>
						<line hits="0" number="1109"/>
						<line hits="0" number="1111"/>
						<line hits="0" number="1113"/>
						<line hits="0" number="1114"/>
						<line hits="0" number="1116"/>
						<line hits="0" number="1118"/>
						<line hits="0" number="1122"/>
						<line hits="0" number="1123"/>
						<line hits="0" number="1128"/>
						<line hits="0" number="1129"/>
						<line hits="0" number="1130"/>
						<line hits="0" number="1132"/>
						<line hits="0" number="1133"/>
						<line hits="0" number="1135"/>
						<line hits="0" number="1147"/>
						<line hits="0" number="1148"/>
						<line hits="0" number="1151"/>
						<line hits="0" number="1152"/>
						<line hits="0" number="1154"/>
						<line hits="0" number="1171"/>
						<line hits="0" number="1178"/>
						<line hits="0" number="1180"/>
						<line hits="0" number="1181"/>
						<line hits="0" number="1183"/>
						<line hits="0" number="1185"/>
						<line hits="0" number="1188"/>
						<line hits="0" number="1190"/>
						<line hits="0" number="1192"/>
						<line hits="0" number="1194"/>
						<line hits="0" number="1198"/>
						<line hits="0" number="1199"/>
						<line hits="0" number="1202"/>
						<line hits="0" number="1206"/>
						<line hits="0" number="1208"/>
						<line hits="0" number="1209"/>
						<line hits="0" number="1210"/>
						<line hits="0" number="1212"/>
						<line hits="0" number="1213"/>
						<line hits="0" number="1216"/>
						<line hits="0" number="1228"/>
						<line hits="0" number="1229"/>
						<line hits="0" number="1231"/>
						<line hits="0" number="1233"/>
						<line hits="0" number="1234"/>
						<line hits="0" number="1236"/>
						<line hits="0" number="1237"/>
						<line hits="0" number="1239"/>
						<line hits="0" number="1241"/>
						<line hits="0" number="1242"/>
						<line hits="0" number="1243"/>
						<line hits="0" number="1244"/>
						<line hits="0" number="1247"/>
						<line hits="0" number="1248"/>
						<line hits="0" number="1250"/>
						<line hits="0" number="1251"/>
						<line hits="0" number="1252"/>
						<line hits="0" number="1253"/>
						<line hits="0" number="1254"/>
						<line hits="0" number="1255"/>
						<line hits="0" number="1256"/>
						<line hits="0" number="1257"/>
						<line hits="0" number="1258"/>
						<line hits="0" number="1259"/>
						<line hits="0" number="1260"/>
						<line hits="0" number="1261"/>
						<line hits="0" number="1262"/>
						<line hits="0" number="1263"/>
						<line hits="0" number="1264"/>
						<line hits="0" number="1265"/>
						<line hits="0" number="1267"/>
						<line hits="0" number="1268"/>
						<line hits="0" number="1269"/>
						<line hits="0" number="1270"/>
						<line hits="0" number="1272"/>
						<line hits="0" number="1274"/>
						<line hits="0" number="1277"/>
						<line hits="0" number="1287"/>
						<line hits="0" number="1288"/>
						<line hits="0" number="1292"/>
						<line hits="0" number="1302"/>
						<line hits="0" number="1303"/>
						<line hits="0" number="1306"/>
						<line hits="0" number="1316"/>
						<line hits="0" number="1362"/>
						<line hits="0" number="1368"/>
						<line hits="0" number="1380"/>
						<line hits="0" number="1382"/>
						<line hits="0" number="1394"/>
						<line hits="0" number="1396"/>
						<line hits="0" number="1406"/>
						<line hits="0" number="1408"/>
						<line hits="0" number="1409"/>
						<line hits="0" number="1410"/>
						<line hits="0" number="1411"/>
						<line hits="0" number="1412"/>
						<line hits="0" number="1414"/>
						<line hits="0" number="1417"/>
						<line hits="0" number="1427"/>
						<line hits="0" number="1428"/>
						<line hits="0" number="1429"/>
						<line hits="0" number="1430"/>
						<line hits="0" number="1432"/>
						<line hits="0" number="1435"/>
						<line hits="0" number="1446"/>
						<line hits="0" number="1448"/>
						<line hits="0" number="1452"/>
						<line hits="0" number="1453"/>
						<line hits="0" number="1455"/>
						<line hits="0" number="1458"/>
						<line hits="0" number="1473"/>
						<line hits="0" number="1479"/>
						<line hits="0" number="1480"/>
						<line hits="0" number="1481"/>
						<line hits="0" number="1482"/>
						<line hits="0" number="1484"/>
						<line hits="0" number="1486"/>
						<line hits="0" number="1502"/>
						<line hits="0" number="1505"/>
						<line hits="0" number="1507"/>
						<line hits="0" number="1510"/>
						<line hits="0" number="1512"/>
						<line hits="0" number="1525"/>
						<line hits="0" number="1526"/>
						<line hits="0" number="1527"/>
						<line hits="0" number="1528"/>
						<line hits="0" number="1530"/>
						<line hits="0" number="1543"/>
						<line hits="0" number="1544"/>
						<line hits="0" number="1545"/>
						<line hits="0" number="1546"/>
						<line hits="0" number="1547"/>
						<line hits="0" number="1549"/>
						<line hits="0" number="1562"/>
						<line hits="0" number="1565"/>
						<line hits="0" number="1577"/>
						<line hits="0" number="1578"/>
						<line hits="0" number="1580"/>
						<line hits="0" number="1582"/>
						<line hits="0" number="1584"/>
						<line hits="0" number="1596"/>
						<line hits="0" number="1598"/>
						<line hits="0" number="1609"/>
						<line hits="0" number="1612"/>
						<line hits="0" number="1629"/>
						<line hits="0" number="1630"/>
						<line hits="0" number="1631"/>
						<line hits="0" number="1632"/>
						<line hits="0" number="1633"/>
						<line hits="0" number="1640"/>
						<line hits="0" number="1641"/>
						<line hits="0" number="1642"/>
						<line hits="0" number="1644"/>
						<line hits="0" number="1647"/>
						<line hits="0" number="1658"/>
						<line hits="0" number="1659"/>
						<line hits="0" number="1660"/>
						<line hits="0" number="1661"/>
						<line hits="0" number="1662"/>
						<line hits="0" number="1663"/>
						<line hits="0" number="1664"/>
						<line hits="0" number="1665"/>
						<line hits="0" number="1666"/>
						<line hits="0" number="1667"/>
						<line hits="0" number="1668"/>
						<line hits="0" number="1671"/>
						<line hits="0" number="1672"/>
						<line hits="0" number="1673"/>
						<line hits="0" number="1674"/>
						<line hits="0" number="1675"/>
						<line hits="0" number="1676"/>
						<line hits="0" number="1677"/>
						<line hits="0" number="1680"/>
						<line hits="0" number="1681"/>
						<line hits="0" number="1682"/>
						<line hits="0" number="1683"/>
						<line hits="0" number="1685"/>
						<line hits="0" number="1687"/>
						<line hits="0" number="1703"/>
						<line hits="0" number="1704"/>
						<line hits="0" number="1705"/>
						<line hits="0" number="1708"/>
						<line hits="0" number="1709"/>
						<line hits="0" number="1710"/>
						<line hits="0" number="1711"/>
						<line hits="0" number="1712"/>
						<line hits="0" number="1713"/>
						<line hits="0" number="1714"/>
						<line hits="0" number="1715"/>
						<line hits="0" number="1716"/>
						<line hits="0" number="1717"/>
						<line hits="0" number="1718"/>
						<line hits="0" number="1720"/>
						<line hits="0" number="1722"/>
						<line hits="0" number="1724"/>
						<line hits="0" number="1728"/>
					</lines>
				</class>
			</classes>
		</package>
	</packages>
</coverage>
