<?xml version="1.0" ?>
<coverage branch-rate="0" branches-covered="0" branches-valid="0" complexity="0" line-rate="0.6966" lines-covered="528" lines-valid="758" timestamp="1535900050060" version="4.5.1">
	<!-- Generated by coverage.py: https://coverage.readthedocs.io -->
	<!-- Based on https://raw.githubusercontent.com/cobertura/web/master/htdocs/xml/coverage-04.dtd -->
	<sources/>
	<packages>
		<package branch-rate="0" complexity="0" line-rate="0.6966" name=".usr.local.lib.python3.7.site-packages.amici">
			<classes>
				<class branch-rate="0" complexity="0" filename="/usr/local/lib/python3.7/site-packages/amici/__init__.py" line-rate="0.4" name="__init__.py">
					<methods/>
					<lines>
						<line hits="0" number="31"/>
						<line hits="0" number="32"/>
						<line hits="0" number="33"/>
						<line hits="0" number="34"/>
						<line hits="0" number="37"/>
						<line hits="0" number="38"/>
						<line hits="0" number="44"/>
						<line hits="0" number="45"/>
						<line hits="0" number="48"/>
						<line hits="0" number="50"/>
						<line hits="0" number="51"/>
						<line hits="0" number="52"/>
						<line hits="0" number="59"/>
						<line hits="1" number="73"/>
						<line hits="1" number="74"/>
						<line hits="1" number="76"/>
						<line hits="1" number="77"/>
						<line hits="0" number="79"/>
						<line hits="1" number="93"/>
						<line hits="0" number="96"/>
						<line hits="1" number="110"/>
						<line hits="1" number="111"/>
						<line hits="1" number="112"/>
						<line hits="1" number="117"/>
						<line hits="1" number="119"/>
					</lines>
				</class>
				<class branch-rate="0" complexity="0" filename="/usr/local/lib/python3.7/site-packages/amici/numpy.py" line-rate="0.8387" name="numpy.py">
					<methods/>
					<lines>
						<line hits="0" number="3"/>
						<line hits="1" number="17"/>
						<line hits="1" number="18"/>
						<line hits="1" number="19"/>
						<line hits="1" number="20"/>
						<line hits="1" number="22"/>
						<line hits="1" number="24"/>
						<line hits="0" number="26"/>
						<line hits="1" number="38"/>
						<line hits="1" number="39"/>
						<line hits="1" number="48"/>
						<line hits="1" number="49"/>
						<line hits="1" number="51"/>
						<line hits="0" number="54"/>
						<line hits="1" number="66"/>
						<line hits="1" number="68"/>
						<line hits="1" number="72"/>
						<line hits="1" number="73"/>
						<line hits="1" number="74"/>
						<line hits="1" number="75"/>
						<line hits="1" number="77"/>
						<line hits="1" number="78"/>
						<line hits="1" number="80"/>
						<line hits="0" number="83"/>
						<line hits="1" number="97"/>
						<line hits="1" number="140"/>
						<line hits="1" number="141"/>
						<line hits="1" number="143"/>
						<line hits="0" number="146"/>
						<line hits="1" number="160"/>
						<line hits="1" number="174"/>
					</lines>
				</class>
				<class branch-rate="0" complexity="0" filename="/usr/local/lib/python3.7/site-packages/amici/pandas.py" line-rate="0.8047" name="pandas.py">
					<methods/>
					<lines>
						<line hits="0" number="7"/>
						<line hits="1" number="21"/>
						<line hits="1" number="22"/>
						<line hits="1" number="24"/>
						<line hits="1" number="25"/>
						<line hits="1" number="26"/>
						<line hits="1" number="27"/>
						<line hits="1" number="31"/>
						<line hits="1" number="33"/>
						<line hits="1" number="34"/>
						<line hits="1" number="37"/>
						<line hits="1" number="39"/>
						<line hits="1" number="41"/>
						<line hits="0" number="44"/>
						<line hits="1" number="59"/>
						<line hits="1" number="60"/>
						<line hits="1" number="62"/>
						<line hits="1" number="63"/>
						<line hits="1" number="64"/>
						<line hits="1" number="68"/>
						<line hits="1" number="70"/>
						<line hits="1" number="71"/>
						<line hits="1" number="73"/>
						<line hits="1" number="75"/>
						<line hits="1" number="77"/>
						<line hits="0" number="80"/>
						<line hits="1" number="95"/>
						<line hits="1" number="96"/>
						<line hits="1" number="98"/>
						<line hits="1" number="99"/>
						<line hits="1" number="100"/>
						<line hits="1" number="104"/>
						<line hits="1" number="105"/>
						<line hits="1" number="107"/>
						<line hits="1" number="109"/>
						<line hits="1" number="110"/>
						<line hits="0" number="113"/>
						<line hits="1" number="128"/>
						<line hits="1" number="129"/>
						<line hits="1" number="132"/>
						<line hits="1" number="134"/>
						<line hits="1" number="136"/>
						<line hits="1" number="137"/>
						<line hits="1" number="141"/>
						<line hits="1" number="142"/>
						<line hits="1" number="145"/>
						<line hits="1" number="146"/>
						<line hits="1" number="147"/>
						<line hits="1" number="148"/>
						<line hits="1" number="149"/>
						<line hits="1" number="151"/>
						<line hits="0" number="154"/>
						<line hits="1" number="169"/>
						<line hits="1" number="171"/>
						<line hits="1" number="172"/>
						<line hits="0" number="173"/>
						<line hits="1" number="175"/>
						<line hits="1" number="177"/>
						<line hits="0" number="178"/>
						<line hits="1" number="181"/>
						<line hits="1" number="183"/>
						<line hits="0" number="184"/>
						<line hits="1" number="187"/>
						<line hits="1" number="188"/>
						<line hits="0" number="191"/>
						<line hits="1" number="203"/>
						<line hits="0" number="214"/>
						<line hits="1" number="226"/>
						<line hits="0" number="236"/>
						<line hits="1" number="248"/>
						<line hits="0" number="258"/>
						<line hits="1" number="272"/>
						<line hits="1" number="273"/>
						<line hits="0" number="274"/>
						<line hits="1" number="275"/>
						<line hits="1" number="276"/>
						<line hits="1" number="277"/>
						<line hits="0" number="278"/>
						<line hits="1" number="280"/>
						<line hits="0" number="283"/>
						<line hits="0" number="298"/>
						<line hits="0" number="299"/>
						<line hits="0" number="300"/>
						<line hits="0" number="301"/>
						<line hits="0" number="304"/>
						<line hits="1" number="321"/>
						<line hits="1" number="324"/>
						<line hits="1" number="325"/>
						<line hits="1" number="327"/>
						<line hits="1" number="328"/>
						<line hits="1" number="329"/>
						<line hits="1" number="330"/>
						<line hits="0" number="332"/>
						<line hits="1" number="333"/>
						<line hits="0" number="335"/>
						<line hits="1" number="338"/>
						<line hits="1" number="342"/>
						<line hits="0" number="344"/>
						<line hits="1" number="349"/>
						<line hits="0" number="351"/>
						<line hits="1" number="356"/>
						<line hits="1" number="357"/>
						<line hits="1" number="360"/>
						<line hits="1" number="361"/>
						<line hits="1" number="362"/>
						<line hits="1" number="364"/>
						<line hits="1" number="365"/>
						<line hits="1" number="370"/>
						<line hits="0" number="373"/>
						<line hits="1" number="390"/>
						<line hits="1" number="392"/>
						<line hits="1" number="393"/>
						<line hits="1" number="394"/>
						<line hits="1" number="395"/>
						<line hits="1" number="396"/>
						<line hits="1" number="397"/>
						<line hits="1" number="398"/>
						<line hits="1" number="399"/>
						<line hits="1" number="400"/>
						<line hits="1" number="402"/>
						<line hits="1" number="404"/>
						<line hits="1" number="405"/>
						<line hits="1" number="406"/>
						<line hits="1" number="407"/>
						<line hits="1" number="409"/>
						<line hits="1" number="410"/>
						<line hits="1" number="412"/>
						<line hits="1" number="414"/>
					</lines>
				</class>
				<class branch-rate="0" complexity="0" filename="/usr/local/lib/python3.7/site-packages/amici/plotting.py" line-rate="0" name="plotting.py">
					<methods/>
					<lines>
						<line hits="0" number="5"/>
						<line hits="0" number="18"/>
						<line hits="0" number="19"/>
						<line hits="0" number="20"/>
						<line hits="0" number="21"/>
						<line hits="0" number="22"/>
						<line hits="0" number="23"/>
						<line hits="0" number="24"/>
						<line hits="0" number="25"/>
						<line hits="0" number="26"/>
						<line hits="0" number="27"/>
						<line hits="0" number="30"/>
						<line hits="0" number="43"/>
						<line hits="0" number="44"/>
						<line hits="0" number="45"/>
						<line hits="0" number="46"/>
						<line hits="0" number="47"/>
						<line hits="0" number="48"/>
						<line hits="0" number="49"/>
						<line hits="0" number="50"/>
						<line hits="0" number="51"/>
						<line hits="0" number="52"/>
					</lines>
				</class>
				<class branch-rate="0" complexity="0" filename="/usr/local/lib/python3.7/site-packages/amici/sbml_import.py" line-rate="0.7047" name="sbml_import.py">
					<methods/>
					<lines>
						<line hits="0" number="20"/>
						<line hits="0" number="21"/>
						<line hits="0" number="23"/>
						<line hits="0" number="63"/>
						<line hits="1" number="77"/>
						<line hits="1" number="79"/>
						<line hits="1" number="81"/>
						<line hits="1" number="83"/>
						<line hits="1" number="86"/>
						<line hits="1" number="208"/>
						<line hits="0" number="227"/>
						<line hits="1" number="239"/>
						<line hits="1" number="240"/>
						<line hits="1" number="241"/>
						<line hits="1" number="246"/>
						<line hits="1" number="247"/>
						<line hits="1" number="248"/>
						<line hits="1" number="250"/>
						<line hits="1" number="251"/>
						<line hits="1" number="253"/>
						<line hits="1" number="254"/>
						<line hits="1" number="258"/>
						<line hits="1" number="260"/>
						<line hits="0" number="263"/>
						<line hits="1" number="275"/>
						<line hits="1" number="276"/>
						<line hits="1" number="277"/>
						<line hits="1" number="278"/>
						<line hits="1" number="279"/>
						<line hits="1" number="280"/>
						<line hits="1" number="281"/>
						<line hits="1" number="282"/>
						<line hits="1" number="283"/>
						<line hits="1" number="284"/>
						<line hits="1" number="285"/>
						<line hits="1" number="286"/>
						<line hits="0" number="287"/>
						<line hits="0" number="290"/>
						<line hits="1" number="321"/>
						<line hits="0" number="322"/>
						<line hits="1" number="324"/>
						<line hits="0" number="325"/>
						<line hits="1" number="327"/>
						<line hits="1" number="328"/>
						<line hits="1" number="330"/>
						<line hits="1" number="333"/>
						<line hits="1" number="334"/>
						<line hits="1" number="335"/>
						<line hits="1" number="336"/>
						<line hits="1" number="337"/>
						<line hits="1" number="338"/>
						<line hits="1" number="339"/>
						<line hits="0" number="342"/>
						<line hits="1" number="353"/>
						<line hits="0" number="356"/>
						<line hits="1" number="370"/>
						<line hits="0" number="371"/>
						<line hits="1" number="373"/>
						<line hits="1" number="374"/>
						<line hits="1" number="376"/>
						<line hits="1" number="377"/>
						<line hits="0" number="378"/>
						<line hits="0" number="381"/>
						<line hits="1" number="394"/>
						<line hits="0" number="395"/>
						<line hits="1" number="397"/>
						<line hits="1" number="398"/>
						<line hits="1" number="399"/>
						<line hits="1" number="400"/>
						<line hits="1" number="401"/>
						<line hits="1" number="402"/>
						<line hits="1" number="403"/>
						<line hits="1" number="404"/>
						<line hits="1" number="405"/>
						<line hits="1" number="406"/>
						<line hits="0" number="409"/>
						<line hits="1" number="419"/>
						<line hits="0" number="420"/>
						<line hits="1" number="423"/>
						<line hits="0" number="425"/>
						<line hits="1" number="427"/>
						<line hits="0" number="428"/>
						<line hits="1" number="430"/>
						<line hits="0" number="432"/>
						<line hits="1" number="435"/>
						<line hits="0" number="437"/>
						<line hits="1" number="439"/>
						<line hits="0" number="443"/>
						<line hits="0" number="447"/>
						<line hits="1" number="457"/>
						<line hits="1" number="458"/>
						<line hits="1" number="459"/>
						<line hits="1" number="462"/>
						<line hits="1" number="465"/>
						<line hits="1" number="466"/>
						<line hits="1" number="469"/>
						<line hits="1" number="472"/>
						<line hits="1" number="477"/>
						<line hits="1" number="480"/>
						<line hits="1" number="481"/>
						<line hits="1" number="483"/>
						<line hits="1" number="484"/>
						<line hits="0" number="485"/>
						<line hits="1" number="486"/>
						<line hits="1" number="487"/>
						<line hits="1" number="489"/>
						<line hits="1" number="490"/>
						<line hits="1" number="494"/>
						<line hits="1" number="495"/>
						<line hits="1" number="496"/>
						<line hits="1" number="500"/>
						<line hits="1" number="504"/>
						<line hits="0" number="505"/>
						<line hits="1" number="507"/>
						<line hits="1" number="509"/>
						<line hits="0" number="517"/>
						<line hits="1" number="528"/>
						<line hits="0" number="529"/>
						<line hits="1" number="532"/>
						<line hits="1" number="533"/>
						<line hits="0" number="534"/>
						<line hits="1" number="536"/>
						<line hits="1" number="537"/>
						<line hits="1" number="539"/>
						<line hits="1" number="540"/>
						<line hits="1" number="541"/>
						<line hits="1" number="542"/>
						<line hits="1" number="543"/>
						<line hits="1" number="546"/>
						<line hits="1" number="547"/>
						<line hits="1" number="548"/>
						<line hits="1" number="549"/>
						<line hits="1" number="550"/>
						<line hits="0" number="554"/>
						<line hits="1" number="564"/>
						<line hits="1" number="565"/>
						<line hits="1" number="566"/>
						<line hits="1" number="569"/>
						<line hits="0" number="572"/>
						<line hits="1" number="582"/>
						<line hits="1" number="583"/>
						<line hits="1" number="586"/>
						<line hits="1" number="587"/>
						<line hits="1" number="588"/>
						<line hits="1" number="590"/>
						<line hits="1" number="592"/>
						<line hits="1" number="594"/>
						<line hits="1" number="595"/>
						<line hits="1" number="597"/>
						<line hits="1" number="598"/>
						<line hits="0" number="599"/>
						<line hits="0" number="601"/>
						<line hits="0" number="604"/>
						<line hits="1" number="605"/>
						<line hits="1" number="606"/>
						<line hits="1" number="608"/>
						<line hits="1" number="610"/>
						<line hits="1" number="611"/>
						<line hits="1" number="613"/>
						<line hits="1" number="614"/>
						<line hits="1" number="619"/>
						<line hits="1" number="620"/>
						<line hits="1" number="621"/>
						<line hits="0" number="622"/>
						<line hits="0" number="623"/>
						<line hits="1" number="624"/>
						<line hits="1" number="625"/>
						<line hits="1" number="626"/>
						<line hits="0" number="627"/>
						<line hits="1" number="628"/>
						<line hits="1" number="629"/>
						<line hits="1" number="630"/>
						<line hits="0" number="632"/>
						<line hits="0" number="635"/>
						<line hits="1" number="645"/>
						<line hits="1" number="647"/>
						<line hits="1" number="648"/>
						<line hits="1" number="649"/>
						<line hits="1" number="650"/>
						<line hits="1" number="651"/>
						<line hits="1" number="652"/>
						<line hits="1" number="653"/>
						<line hits="1" number="655"/>
						<line hits="0" number="656"/>
						<line hits="0" number="657"/>
						<line hits="0" number="658"/>
						<line hits="0" number="659"/>
						<line hits="0" number="661"/>
						<line hits="0" number="662"/>
						<line hits="0" number="664"/>
						<line hits="0" number="665"/>
						<line hits="0" number="667"/>
						<line hits="0" number="668"/>
						<line hits="0" number="670"/>
						<line hits="0" number="671"/>
						<line hits="0" number="672"/>
						<line hits="0" number="673"/>
						<line hits="0" number="674"/>
						<line hits="0" number="676"/>
						<line hits="0" number="677"/>
						<line hits="0" number="679"/>
						<line hits="0" number="680"/>
						<line hits="0" number="682"/>
						<line hits="0" number="683"/>
						<line hits="0" number="684"/>
						<line hits="0" number="685"/>
						<line hits="0" number="686"/>
						<line hits="0" number="688"/>
						<line hits="1" number="698"/>
						<line hits="1" number="699"/>
						<line hits="1" number="700"/>
						<line hits="0" number="706"/>
						<line hits="1" number="716"/>
						<line hits="1" number="717"/>
						<line hits="1" number="719"/>
						<line hits="0" number="723"/>
						<line hits="1" number="735"/>
						<line hits="1" number="736"/>
						<line hits="1" number="737"/>
						<line hits="1" number="738"/>
						<line hits="0" number="741"/>
						<line hits="1" number="751"/>
						<line hits="1" number="752"/>
						<line hits="1" number="753"/>
						<line hits="1" number="754"/>
						<line hits="1" number="755"/>
						<line hits="1" number="756"/>
						<line hits="1" number="757"/>
						<line hits="1" number="758"/>
						<line hits="0" number="760"/>
						<line hits="1" number="770"/>
						<line hits="1" number="771"/>
						<line hits="1" number="773"/>
						<line hits="1" number="775"/>
						<line hits="0" number="779"/>
						<line hits="0" number="782"/>
						<line hits="1" number="798"/>
						<line hits="1" number="799"/>
						<line hits="1" number="800"/>
						<line hits="1" number="801"/>
						<line hits="1" number="802"/>
						<line hits="1" number="803"/>
						<line hits="1" number="804"/>
						<line hits="1" number="805"/>
						<line hits="1" number="806"/>
						<line hits="1" number="807"/>
						<line hits="1" number="808"/>
						<line hits="1" number="809"/>
						<line hits="1" number="810"/>
						<line hits="1" number="811"/>
						<line hits="1" number="812"/>
						<line hits="1" number="813"/>
						<line hits="1" number="814"/>
						<line hits="1" number="815"/>
						<line hits="1" number="816"/>
						<line hits="1" number="817"/>
						<line hits="0" number="819"/>
						<line hits="1" number="833"/>
						<line hits="0" number="834"/>
						<line hits="1" number="836"/>
						<line hits="0" number="837"/>
						<line hits="1" number="840"/>
						<line hits="1" number="841"/>
						<line hits="1" number="842"/>
						<line hits="1" number="845"/>
						<line hits="1" number="846"/>
						<line hits="1" number="847"/>
						<line hits="0" number="850"/>
						<line hits="1" number="860"/>
						<line hits="1" number="861"/>
						<line hits="1" number="863"/>
						<line hits="1" number="867"/>
						<line hits="1" number="869"/>
						<line hits="1" number="870"/>
						<line hits="1" number="872"/>
						<line hits="1" number="878"/>
						<line hits="1" number="880"/>
						<line hits="1" number="881"/>
						<line hits="1" number="889"/>
						<line hits="1" number="894"/>
						<line hits="0" number="897"/>
						<line hits="1" number="912"/>
						<line hits="0" number="913"/>
						<line hits="1" number="915"/>
						<line hits="0" number="916"/>
						<line hits="1" number="918"/>
						<line hits="1" number="921"/>
						<line hits="1" number="924"/>
						<line hits="1" number="925"/>
						<line hits="1" number="926"/>
						<line hits="1" number="927"/>
						<line hits="0" number="928"/>
						<line hits="0" number="929"/>
						<line hits="1" number="931"/>
						<line hits="1" number="932"/>
						<line hits="1" number="935"/>
						<line hits="1" number="936"/>
						<line hits="0" number="938"/>
						<line hits="0" number="939"/>
						<line hits="0" number="940"/>
						<line hits="0" number="941"/>
						<line hits="1" number="942"/>
						<line hits="1" number="943"/>
						<line hits="1" number="944"/>
						<line hits="1" number="947"/>
						<line hits="1" number="948"/>
						<line hits="1" number="949"/>
						<line hits="1" number="951"/>
						<line hits="1" number="953"/>
						<line hits="1" number="954"/>
						<line hits="1" number="955"/>
						<line hits="1" number="956"/>
						<line hits="1" number="957"/>
						<line hits="1" number="959"/>
						<line hits="1" number="960"/>
						<line hits="1" number="961"/>
						<line hits="0" number="964"/>
						<line hits="1" number="974"/>
						<line hits="1" number="979"/>
						<line hits="1" number="984"/>
						<line hits="1" number="989"/>
						<line hits="1" number="994"/>
						<line hits="1" number="999"/>
						<line hits="1" number="1003"/>
						<line hits="1" number="1004"/>
						<line hits="1" number="1009"/>
						<line hits="1" number="1014"/>
						<line hits="0" number="1017"/>
						<line hits="0" number="1023"/>
						<line hits="1" number="1034"/>
						<line hits="1" number="1035"/>
						<line hits="0" number="1039"/>
						<line hits="1" number="1049"/>
						<line hits="1" number="1050"/>
						<line hits="1" number="1051"/>
						<line hits="1" number="1053"/>
						<line hits="1" number="1057"/>
						<line hits="1" number="1058"/>
						<line hits="1" number="1060"/>
						<line hits="0" number="1064"/>
						<line hits="1" number="1074"/>
						<line hits="1" number="1075"/>
						<line hits="1" number="1076"/>
						<line hits="1" number="1077"/>
						<line hits="0" number="1081"/>
						<line hits="1" number="1094"/>
						<line hits="1" number="1095"/>
						<line hits="1" number="1097"/>
						<line hits="1" number="1098"/>
						<line hits="1" number="1100"/>
						<line hits="1" number="1101"/>
						<line hits="1" number="1102"/>
						<line hits="1" number="1103"/>
						<line hits="1" number="1104"/>
						<line hits="1" number="1105"/>
						<line hits="1" number="1107"/>
						<line hits="0" number="1111"/>
						<line hits="1" number="1123"/>
						<line hits="1" number="1125"/>
						<line hits="1" number="1127"/>
						<line hits="0" number="1128"/>
						<line hits="1" number="1130"/>
						<line hits="1" number="1132"/>
						<line hits="1" number="1136"/>
						<line hits="1" number="1137"/>
						<line hits="0" number="1142"/>
						<line hits="0" number="1143"/>
						<line hits="0" number="1144"/>
						<line hits="1" number="1146"/>
						<line hits="0" number="1147"/>
						<line hits="0" number="1149"/>
						<line hits="1" number="1161"/>
						<line hits="1" number="1162"/>
						<line hits="1" number="1165"/>
						<line hits="1" number="1166"/>
						<line hits="0" number="1168"/>
						<line hits="1" number="1185"/>
						<line hits="1" number="1192"/>
						<line hits="1" number="1194"/>
						<line hits="1" number="1195"/>
						<line hits="1" number="1197"/>
						<line hits="1" number="1199"/>
						<line hits="1" number="1202"/>
						<line hits="1" number="1204"/>
						<line hits="1" number="1206"/>
						<line hits="1" number="1208"/>
						<line hits="1" number="1212"/>
						<line hits="1" number="1213"/>
						<line hits="0" number="1216"/>
						<line hits="0" number="1220"/>
						<line hits="1" number="1222"/>
						<line hits="1" number="1223"/>
						<line hits="1" number="1224"/>
						<line hits="1" number="1226"/>
						<line hits="1" number="1227"/>
						<line hits="0" number="1230"/>
						<line hits="1" number="1242"/>
						<line hits="1" number="1243"/>
						<line hits="1" number="1245"/>
						<line hits="1" number="1247"/>
						<line hits="1" number="1248"/>
						<line hits="1" number="1250"/>
						<line hits="1" number="1251"/>
						<line hits="1" number="1253"/>
						<line hits="1" number="1255"/>
						<line hits="1" number="1256"/>
						<line hits="1" number="1257"/>
						<line hits="1" number="1258"/>
						<line hits="1" number="1261"/>
						<line hits="1" number="1262"/>
						<line hits="1" number="1264"/>
						<line hits="1" number="1265"/>
						<line hits="1" number="1266"/>
						<line hits="1" number="1267"/>
						<line hits="1" number="1268"/>
						<line hits="1" number="1269"/>
						<line hits="1" number="1270"/>
						<line hits="1" number="1271"/>
						<line hits="1" number="1272"/>
						<line hits="1" number="1273"/>
						<line hits="1" number="1274"/>
						<line hits="1" number="1275"/>
						<line hits="1" number="1276"/>
						<line hits="1" number="1277"/>
						<line hits="1" number="1278"/>
						<line hits="1" number="1279"/>
						<line hits="1" number="1281"/>
						<line hits="1" number="1282"/>
						<line hits="1" number="1283"/>
						<line hits="1" number="1284"/>
						<line hits="1" number="1286"/>
						<line hits="1" number="1288"/>
						<line hits="0" number="1291"/>
						<line hits="1" number="1301"/>
						<line hits="1" number="1302"/>
						<line hits="0" number="1306"/>
						<line hits="1" number="1316"/>
						<line hits="1" number="1317"/>
						<line hits="0" number="1320"/>
						<line hits="1" number="1330"/>
						<line hits="1" number="1359"/>
						<line hits="0" number="1362"/>
						<line hits="1" number="1374"/>
						<line hits="0" number="1376"/>
						<line hits="1" number="1388"/>
						<line hits="0" number="1390"/>
						<line hits="1" number="1400"/>
						<line hits="1" number="1402"/>
						<line hits="1" number="1403"/>
						<line hits="1" number="1404"/>
						<line hits="1" number="1405"/>
						<line hits="1" number="1406"/>
						<line hits="1" number="1408"/>
						<line hits="0" number="1411"/>
						<line hits="1" number="1421"/>
						<line hits="0" number="1422"/>
						<line hits="1" number="1423"/>
						<line hits="1" number="1424"/>
						<line hits="1" number="1426"/>
						<line hits="0" number="1429"/>
						<line hits="1" number="1440"/>
						<line hits="1" number="1442"/>
						<line hits="1" number="1446"/>
						<line hits="0" number="1447"/>
						<line hits="1" number="1449"/>
						<line hits="0" number="1452"/>
						<line hits="1" number="1467"/>
						<line hits="1" number="1473"/>
						<line hits="1" number="1474"/>
						<line hits="1" number="1475"/>
						<line hits="1" number="1476"/>
						<line hits="1" number="1478"/>
						<line hits="0" number="1480"/>
						<line hits="1" number="1496"/>
						<line hits="1" number="1499"/>
						<line hits="1" number="1501"/>
						<line hits="1" number="1504"/>
						<line hits="0" number="1506"/>
						<line hits="1" number="1519"/>
						<line hits="1" number="1520"/>
						<line hits="0" number="1521"/>
						<line hits="0" number="1522"/>
						<line hits="0" number="1524"/>
						<line hits="1" number="1537"/>
						<line hits="1" number="1538"/>
						<line hits="1" number="1539"/>
						<line hits="1" number="1540"/>
						<line hits="1" number="1541"/>
						<line hits="0" number="1543"/>
						<line hits="1" number="1556"/>
						<line hits="0" number="1559"/>
						<line hits="1" number="1571"/>
						<line hits="0" number="1572"/>
						<line hits="1" number="1574"/>
						<line hits="1" number="1576"/>
						<line hits="0" number="1578"/>
						<line hits="1" number="1590"/>
						<line hits="0" number="1592"/>
						<line hits="0" number="1603"/>
						<line hits="0" number="1606"/>
						<line hits="1" number="1623"/>
						<line hits="1" number="1624"/>
						<line hits="1" number="1625"/>
						<line hits="1" number="1626"/>
						<line hits="1" number="1627"/>
						<line hits="1" number="1634"/>
						<line hits="1" number="1635"/>
						<line hits="1" number="1636"/>
						<line hits="1" number="1638"/>
						<line hits="0" number="1641"/>
						<line hits="0" number="1652"/>
						<line hits="0" number="1653"/>
						<line hits="0" number="1654"/>
						<line hits="0" number="1655"/>
						<line hits="0" number="1656"/>
						<line hits="0" number="1657"/>
						<line hits="0" number="1658"/>
						<line hits="0" number="1659"/>
						<line hits="0" number="1660"/>
						<line hits="0" number="1661"/>
						<line hits="0" number="1662"/>
						<line hits="0" number="1665"/>
						<line hits="0" number="1666"/>
						<line hits="0" number="1667"/>
						<line hits="0" number="1668"/>
						<line hits="0" number="1669"/>
						<line hits="0" number="1670"/>
						<line hits="0" number="1671"/>
						<line hits="0" number="1674"/>
						<line hits="0" number="1675"/>
						<line hits="0" number="1676"/>
						<line hits="0" number="1677"/>
						<line hits="0" number="1679"/>
						<line hits="0" number="1681"/>
						<line hits="1" number="1697"/>
						<line hits="1" number="1698"/>
						<line hits="1" number="1699"/>
						<line hits="0" number="1702"/>
						<line hits="0" number="1703"/>
						<line hits="0" number="1704"/>
						<line hits="0" number="1705"/>
						<line hits="0" number="1706"/>
						<line hits="0" number="1707"/>
						<line hits="0" number="1708"/>
						<line hits="0" number="1709"/>
						<line hits="0" number="1710"/>
						<line hits="0" number="1711"/>
						<line hits="0" number="1712"/>
						<line hits="0" number="1714"/>
						<line hits="0" number="1716"/>
						<line hits="0" number="1718"/>
						<line hits="0" number="1722"/>
					</lines>
				</class>
			</classes>
		</package>
	</packages>
</coverage>
